2022-07-15 11:18:26,708 [WARN] from javafx in application-akka.actor.default-dispatcher-8 - Unsupported JavaFX configuration: classes were loaded from 'unnamed module @79daf2df'
2022-07-15 11:26:07,812 [WARN] from com.jpro.internal.server.ViewSerializerActor in application-akka.actor.default-dispatcher-7 - Unexpected message form client, closing session.
2022-07-15 11:26:08,840 [WARN] from com.jpro.internal.server.ViewSerializerActor in application-akka.actor.default-dispatcher-11 - Unexpected message form client, closing session.
2022-07-15 11:26:29,449 [WARN] from javafx in application-akka.actor.default-dispatcher-8 - Unsupported JavaFX configuration: classes were loaded from 'unnamed module @4dfd6c71'
2022-07-15 11:26:32,460 [WARN] from com.jpro.internal.server.ViewSerializerActor in application-akka.actor.default-dispatcher-9 - Unexpected message form client, closing session.
2022-07-15 11:26:32,769 [WARN] from controllers.jpro in application-akka.actor.default-dispatcher-10 - jpro.plainFile - Couldn't get resource for: 'jpro/html/myFavicon.png'
2022-07-15 11:28:20,111 [WARN] from javafx in application-akka.actor.default-dispatcher-8 - Unsupported JavaFX configuration: classes were loaded from 'unnamed module @6414f2c2'
2022-07-15 11:28:23,134 [ERROR] from com.jpro.internal.server.ViewSerializerActor in JavaFX Application Thread - JavaFXStreamer - got Exception: 
java.lang.ClassNotFoundException: com.heshan.testjpro.HelloApllication
	at java.base/jdk.internal.loader.BuiltinClassLoader.loadClass(BuiltinClassLoader.java:641)
	at java.base/jdk.internal.loader.ClassLoaders$AppClassLoader.loadClass(ClassLoaders.java:188)
	at java.base/java.lang.ClassLoader.loadClass(ClassLoader.java:520)
	at simplefx.util.ReflectionUtil.loadClass(ReflectionUtil.scala:38)
	at simplefx.util.ReflectionUtil.callNew(ReflectionUtil.scala:103)
	at com.jpro.internal.config.ApplicationStarter$.startApplication(ApplicationStarter.scala:108)
	at com.jpro.internal.config.ApplicationStarter$.requestApplication(ApplicationStarter.scala:94)
	at com.jpro.internal.config.ApplicationStarter$.getApplication(ApplicationStarter.scala:60)
	at com.jpro.internal.communicator.ViewImpl.<init>(ViewImpl.scala:30)
	at com.jpro.internal.server.ViewByActor.<init>(ViewSerializerActor.scala:116)
	at com.jpro.internal.server.ViewSerializerActor$$anonfun$receive$2$$anonfun$applyOrElse$1.$anonfun$applyOrElse$2(ViewSerializerActor.scala:70)
	at simplefx.cores.standard.parts.CoreTimeEvent$$anon$3.run(CoreTimeEvent.scala:62)
	at com.sun.javafx.application.PlatformImpl.lambda$runLater$10(PlatformImpl.java:457)
	at java.base/java.security.AccessController.doPrivileged(AccessController.java:399)
	at com.sun.javafx.application.PlatformImpl.lambda$runLater$11(PlatformImpl.java:456)
	at com.sun.glass.ui.monocle.RunnableProcessor.runLoop(RunnableProcessor.java:92)
	at com.sun.glass.ui.monocle.RunnableProcessor.run(RunnableProcessor.java:51)
	at java.base/java.lang.Thread.run(Thread.java:833)
2022-07-15 11:28:25,580 [ERROR] from com.jpro.internal.server.ViewSerializerActor in JavaFX Application Thread - JavaFXStreamer - got Exception: 
java.lang.ClassNotFoundException: com.heshan.testjpro.HelloApllication
	at java.base/jdk.internal.loader.BuiltinClassLoader.loadClass(BuiltinClassLoader.java:641)
	at java.base/jdk.internal.loader.ClassLoaders$AppClassLoader.loadClass(ClassLoaders.java:188)
	at java.base/java.lang.ClassLoader.loadClass(ClassLoader.java:520)
	at simplefx.util.ReflectionUtil.loadClass(ReflectionUtil.scala:38)
	at simplefx.util.ReflectionUtil.callNew(ReflectionUtil.scala:103)
	at com.jpro.internal.config.ApplicationStarter$.startApplication(ApplicationStarter.scala:108)
	at com.jpro.internal.config.ApplicationStarter$.requestApplication(ApplicationStarter.scala:94)
	at com.jpro.internal.config.ApplicationStarter$.getApplication(ApplicationStarter.scala:60)
	at com.jpro.internal.communicator.ViewImpl.<init>(ViewImpl.scala:30)
	at com.jpro.internal.server.ViewByActor.<init>(ViewSerializerActor.scala:116)
	at com.jpro.internal.server.ViewSerializerActor$$anonfun$receive$2$$anonfun$applyOrElse$1.$anonfun$applyOrElse$2(ViewSerializerActor.scala:70)
	at simplefx.cores.standard.parts.CoreTimeEvent$$anon$3.run(CoreTimeEvent.scala:62)
	at com.sun.javafx.application.PlatformImpl.lambda$runLater$10(PlatformImpl.java:457)
	at java.base/java.security.AccessController.doPrivileged(AccessController.java:399)
	at com.sun.javafx.application.PlatformImpl.lambda$runLater$11(PlatformImpl.java:456)
	at com.sun.glass.ui.monocle.RunnableProcessor.runLoop(RunnableProcessor.java:92)
	at com.sun.glass.ui.monocle.RunnableProcessor.run(RunnableProcessor.java:51)
	at java.base/java.lang.Thread.run(Thread.java:833)
2022-07-15 11:28:27,900 [ERROR] from com.jpro.internal.server.ViewSerializerActor in JavaFX Application Thread - JavaFXStreamer - got Exception: 
java.lang.ClassNotFoundException: com.heshan.testjpro.HelloApllication
	at java.base/jdk.internal.loader.BuiltinClassLoader.loadClass(BuiltinClassLoader.java:641)
	at java.base/jdk.internal.loader.ClassLoaders$AppClassLoader.loadClass(ClassLoaders.java:188)
	at java.base/java.lang.ClassLoader.loadClass(ClassLoader.java:520)
	at simplefx.util.ReflectionUtil.loadClass(ReflectionUtil.scala:38)
	at simplefx.util.ReflectionUtil.callNew(ReflectionUtil.scala:103)
	at com.jpro.internal.config.ApplicationStarter$.startApplication(ApplicationStarter.scala:108)
	at com.jpro.internal.config.ApplicationStarter$.requestApplication(ApplicationStarter.scala:94)
	at com.jpro.internal.config.ApplicationStarter$.getApplication(ApplicationStarter.scala:60)
	at com.jpro.internal.communicator.ViewImpl.<init>(ViewImpl.scala:30)
	at com.jpro.internal.server.ViewByActor.<init>(ViewSerializerActor.scala:116)
	at com.jpro.internal.server.ViewSerializerActor$$anonfun$receive$2$$anonfun$applyOrElse$1.$anonfun$applyOrElse$2(ViewSerializerActor.scala:70)
	at simplefx.cores.standard.parts.CoreTimeEvent$$anon$3.run(CoreTimeEvent.scala:62)
	at com.sun.javafx.application.PlatformImpl.lambda$runLater$10(PlatformImpl.java:457)
	at java.base/java.security.AccessController.doPrivileged(AccessController.java:399)
	at com.sun.javafx.application.PlatformImpl.lambda$runLater$11(PlatformImpl.java:456)
	at com.sun.glass.ui.monocle.RunnableProcessor.runLoop(RunnableProcessor.java:92)
	at com.sun.glass.ui.monocle.RunnableProcessor.run(RunnableProcessor.java:51)
	at java.base/java.lang.Thread.run(Thread.java:833)
2022-07-15 11:28:32,952 [ERROR] from com.jpro.internal.server.ViewSerializerActor in JavaFX Application Thread - JavaFXStreamer - got Exception: 
java.lang.ClassNotFoundException: com.heshan.testjpro.HelloApllication
	at java.base/jdk.internal.loader.BuiltinClassLoader.loadClass(BuiltinClassLoader.java:641)
	at java.base/jdk.internal.loader.ClassLoaders$AppClassLoader.loadClass(ClassLoaders.java:188)
	at java.base/java.lang.ClassLoader.loadClass(ClassLoader.java:520)
	at simplefx.util.ReflectionUtil.loadClass(ReflectionUtil.scala:38)
	at simplefx.util.ReflectionUtil.callNew(ReflectionUtil.scala:103)
	at com.jpro.internal.config.ApplicationStarter$.startApplication(ApplicationStarter.scala:108)
	at com.jpro.internal.config.ApplicationStarter$.requestApplication(ApplicationStarter.scala:94)
	at com.jpro.internal.config.ApplicationStarter$.getApplication(ApplicationStarter.scala:60)
	at com.jpro.internal.communicator.ViewImpl.<init>(ViewImpl.scala:30)
	at com.jpro.internal.server.ViewByActor.<init>(ViewSerializerActor.scala:116)
	at com.jpro.internal.server.ViewSerializerActor$$anonfun$receive$2$$anonfun$applyOrElse$1.$anonfun$applyOrElse$2(ViewSerializerActor.scala:70)
	at simplefx.cores.standard.parts.CoreTimeEvent$$anon$3.run(CoreTimeEvent.scala:62)
	at com.sun.javafx.application.PlatformImpl.lambda$runLater$10(PlatformImpl.java:457)
	at java.base/java.security.AccessController.doPrivileged(AccessController.java:399)
	at com.sun.javafx.application.PlatformImpl.lambda$runLater$11(PlatformImpl.java:456)
	at com.sun.glass.ui.monocle.RunnableProcessor.runLoop(RunnableProcessor.java:92)
	at com.sun.glass.ui.monocle.RunnableProcessor.run(RunnableProcessor.java:51)
	at java.base/java.lang.Thread.run(Thread.java:833)
2022-07-15 11:28:38,011 [ERROR] from com.jpro.internal.server.ViewSerializerActor in JavaFX Application Thread - JavaFXStreamer - got Exception: 
java.lang.ClassNotFoundException: com.heshan.testjpro.HelloApllication
	at java.base/jdk.internal.loader.BuiltinClassLoader.loadClass(BuiltinClassLoader.java:641)
	at java.base/jdk.internal.loader.ClassLoaders$AppClassLoader.loadClass(ClassLoaders.java:188)
	at java.base/java.lang.ClassLoader.loadClass(ClassLoader.java:520)
	at simplefx.util.ReflectionUtil.loadClass(ReflectionUtil.scala:38)
	at simplefx.util.ReflectionUtil.callNew(ReflectionUtil.scala:103)
	at com.jpro.internal.config.ApplicationStarter$.startApplication(ApplicationStarter.scala:108)
	at com.jpro.internal.config.ApplicationStarter$.requestApplication(ApplicationStarter.scala:94)
	at com.jpro.internal.config.ApplicationStarter$.getApplication(ApplicationStarter.scala:60)
	at com.jpro.internal.communicator.ViewImpl.<init>(ViewImpl.scala:30)
	at com.jpro.internal.server.ViewByActor.<init>(ViewSerializerActor.scala:116)
	at com.jpro.internal.server.ViewSerializerActor$$anonfun$receive$2$$anonfun$applyOrElse$1.$anonfun$applyOrElse$2(ViewSerializerActor.scala:70)
	at simplefx.cores.standard.parts.CoreTimeEvent$$anon$3.run(CoreTimeEvent.scala:62)
	at com.sun.javafx.application.PlatformImpl.lambda$runLater$10(PlatformImpl.java:457)
	at java.base/java.security.AccessController.doPrivileged(AccessController.java:399)
	at com.sun.javafx.application.PlatformImpl.lambda$runLater$11(PlatformImpl.java:456)
	at com.sun.glass.ui.monocle.RunnableProcessor.runLoop(RunnableProcessor.java:92)
	at com.sun.glass.ui.monocle.RunnableProcessor.run(RunnableProcessor.java:51)
	at java.base/java.lang.Thread.run(Thread.java:833)
2022-07-15 11:28:43,071 [ERROR] from com.jpro.internal.server.ViewSerializerActor in JavaFX Application Thread - JavaFXStreamer - got Exception: 
java.lang.ClassNotFoundException: com.heshan.testjpro.HelloApllication
	at java.base/jdk.internal.loader.BuiltinClassLoader.loadClass(BuiltinClassLoader.java:641)
	at java.base/jdk.internal.loader.ClassLoaders$AppClassLoader.loadClass(ClassLoaders.java:188)
	at java.base/java.lang.ClassLoader.loadClass(ClassLoader.java:520)
	at simplefx.util.ReflectionUtil.loadClass(ReflectionUtil.scala:38)
	at simplefx.util.ReflectionUtil.callNew(ReflectionUtil.scala:103)
	at com.jpro.internal.config.ApplicationStarter$.startApplication(ApplicationStarter.scala:108)
	at com.jpro.internal.config.ApplicationStarter$.requestApplication(ApplicationStarter.scala:94)
	at com.jpro.internal.config.ApplicationStarter$.getApplication(ApplicationStarter.scala:60)
	at com.jpro.internal.communicator.ViewImpl.<init>(ViewImpl.scala:30)
	at com.jpro.internal.server.ViewByActor.<init>(ViewSerializerActor.scala:116)
	at com.jpro.internal.server.ViewSerializerActor$$anonfun$receive$2$$anonfun$applyOrElse$1.$anonfun$applyOrElse$2(ViewSerializerActor.scala:70)
	at simplefx.cores.standard.parts.CoreTimeEvent$$anon$3.run(CoreTimeEvent.scala:62)
	at com.sun.javafx.application.PlatformImpl.lambda$runLater$10(PlatformImpl.java:457)
	at java.base/java.security.AccessController.doPrivileged(AccessController.java:399)
	at com.sun.javafx.application.PlatformImpl.lambda$runLater$11(PlatformImpl.java:456)
	at com.sun.glass.ui.monocle.RunnableProcessor.runLoop(RunnableProcessor.java:92)
	at com.sun.glass.ui.monocle.RunnableProcessor.run(RunnableProcessor.java:51)
	at java.base/java.lang.Thread.run(Thread.java:833)
2022-07-15 11:28:48,123 [ERROR] from com.jpro.internal.server.ViewSerializerActor in JavaFX Application Thread - JavaFXStreamer - got Exception: 
java.lang.ClassNotFoundException: com.heshan.testjpro.HelloApllication
	at java.base/jdk.internal.loader.BuiltinClassLoader.loadClass(BuiltinClassLoader.java:641)
	at java.base/jdk.internal.loader.ClassLoaders$AppClassLoader.loadClass(ClassLoaders.java:188)
	at java.base/java.lang.ClassLoader.loadClass(ClassLoader.java:520)
	at simplefx.util.ReflectionUtil.loadClass(ReflectionUtil.scala:38)
	at simplefx.util.ReflectionUtil.callNew(ReflectionUtil.scala:103)
	at com.jpro.internal.config.ApplicationStarter$.startApplication(ApplicationStarter.scala:108)
	at com.jpro.internal.config.ApplicationStarter$.requestApplication(ApplicationStarter.scala:94)
	at com.jpro.internal.config.ApplicationStarter$.getApplication(ApplicationStarter.scala:60)
	at com.jpro.internal.communicator.ViewImpl.<init>(ViewImpl.scala:30)
	at com.jpro.internal.server.ViewByActor.<init>(ViewSerializerActor.scala:116)
	at com.jpro.internal.server.ViewSerializerActor$$anonfun$receive$2$$anonfun$applyOrElse$1.$anonfun$applyOrElse$2(ViewSerializerActor.scala:70)
	at simplefx.cores.standard.parts.CoreTimeEvent$$anon$3.run(CoreTimeEvent.scala:62)
	at com.sun.javafx.application.PlatformImpl.lambda$runLater$10(PlatformImpl.java:457)
	at java.base/java.security.AccessController.doPrivileged(AccessController.java:399)
	at com.sun.javafx.application.PlatformImpl.lambda$runLater$11(PlatformImpl.java:456)
	at com.sun.glass.ui.monocle.RunnableProcessor.runLoop(RunnableProcessor.java:92)
	at com.sun.glass.ui.monocle.RunnableProcessor.run(RunnableProcessor.java:51)
	at java.base/java.lang.Thread.run(Thread.java:833)
2022-07-15 11:28:53,180 [ERROR] from com.jpro.internal.server.ViewSerializerActor in JavaFX Application Thread - JavaFXStreamer - got Exception: 
java.lang.ClassNotFoundException: com.heshan.testjpro.HelloApllication
	at java.base/jdk.internal.loader.BuiltinClassLoader.loadClass(BuiltinClassLoader.java:641)
	at java.base/jdk.internal.loader.ClassLoaders$AppClassLoader.loadClass(ClassLoaders.java:188)
	at java.base/java.lang.ClassLoader.loadClass(ClassLoader.java:520)
	at simplefx.util.ReflectionUtil.loadClass(ReflectionUtil.scala:38)
	at simplefx.util.ReflectionUtil.callNew(ReflectionUtil.scala:103)
	at com.jpro.internal.config.ApplicationStarter$.startApplication(ApplicationStarter.scala:108)
	at com.jpro.internal.config.ApplicationStarter$.requestApplication(ApplicationStarter.scala:94)
	at com.jpro.internal.config.ApplicationStarter$.getApplication(ApplicationStarter.scala:60)
	at com.jpro.internal.communicator.ViewImpl.<init>(ViewImpl.scala:30)
	at com.jpro.internal.server.ViewByActor.<init>(ViewSerializerActor.scala:116)
	at com.jpro.internal.server.ViewSerializerActor$$anonfun$receive$2$$anonfun$applyOrElse$1.$anonfun$applyOrElse$2(ViewSerializerActor.scala:70)
	at simplefx.cores.standard.parts.CoreTimeEvent$$anon$3.run(CoreTimeEvent.scala:62)
	at com.sun.javafx.application.PlatformImpl.lambda$runLater$10(PlatformImpl.java:457)
	at java.base/java.security.AccessController.doPrivileged(AccessController.java:399)
	at com.sun.javafx.application.PlatformImpl.lambda$runLater$11(PlatformImpl.java:456)
	at com.sun.glass.ui.monocle.RunnableProcessor.runLoop(RunnableProcessor.java:92)
	at com.sun.glass.ui.monocle.RunnableProcessor.run(RunnableProcessor.java:51)
	at java.base/java.lang.Thread.run(Thread.java:833)
2022-07-15 11:28:54,480 [ERROR] from com.jpro.internal.server.ViewSerializerActor in JavaFX Application Thread - JavaFXStreamer - got Exception: 
java.lang.ClassNotFoundException: com.heshan.testjpro.HelloApllication
	at java.base/jdk.internal.loader.BuiltinClassLoader.loadClass(BuiltinClassLoader.java:641)
	at java.base/jdk.internal.loader.ClassLoaders$AppClassLoader.loadClass(ClassLoaders.java:188)
	at java.base/java.lang.ClassLoader.loadClass(ClassLoader.java:520)
	at simplefx.util.ReflectionUtil.loadClass(ReflectionUtil.scala:38)
	at simplefx.util.ReflectionUtil.callNew(ReflectionUtil.scala:103)
	at com.jpro.internal.config.ApplicationStarter$.startApplication(ApplicationStarter.scala:108)
	at com.jpro.internal.config.ApplicationStarter$.requestApplication(ApplicationStarter.scala:94)
	at com.jpro.internal.config.ApplicationStarter$.getApplication(ApplicationStarter.scala:60)
	at com.jpro.internal.communicator.ViewImpl.<init>(ViewImpl.scala:30)
	at com.jpro.internal.server.ViewByActor.<init>(ViewSerializerActor.scala:116)
	at com.jpro.internal.server.ViewSerializerActor$$anonfun$receive$2$$anonfun$applyOrElse$1.$anonfun$applyOrElse$2(ViewSerializerActor.scala:70)
	at simplefx.cores.standard.parts.CoreTimeEvent$$anon$3.run(CoreTimeEvent.scala:62)
	at com.sun.javafx.application.PlatformImpl.lambda$runLater$10(PlatformImpl.java:457)
	at java.base/java.security.AccessController.doPrivileged(AccessController.java:399)
	at com.sun.javafx.application.PlatformImpl.lambda$runLater$11(PlatformImpl.java:456)
	at com.sun.glass.ui.monocle.RunnableProcessor.runLoop(RunnableProcessor.java:92)
	at com.sun.glass.ui.monocle.RunnableProcessor.run(RunnableProcessor.java:51)
	at java.base/java.lang.Thread.run(Thread.java:833)
2022-07-15 11:29:04,394 [WARN] from javafx in application-akka.actor.default-dispatcher-11 - Unsupported JavaFX configuration: classes were loaded from 'unnamed module @75267ef9'
2022-07-15 11:29:05,729 [WARN] from controllers.jpro in application-akka.actor.default-dispatcher-9 - The requested application "appname1" does not exist!
2022-07-15 11:29:06,385 [WARN] from controllers.jpro in application-akka.actor.default-dispatcher-9 - The requested application "appname1" does not exist!
2022-07-15 11:29:10,614 [WARN] from controllers.jpro in application-akka.actor.default-dispatcher-12 - The requested application "appname1" does not exist!
2022-07-15 11:29:11,192 [WARN] from controllers.jpro in application-akka.actor.default-dispatcher-11 - The requested application "appname1" does not exist!
2022-07-15 11:29:11,564 [WARN] from controllers.jpro in application-akka.actor.default-dispatcher-13 - The requested application "appname1" does not exist!
2022-07-15 11:29:49,982 [WARN] from javafx in application-akka.actor.default-dispatcher-12 - Unsupported JavaFX configuration: classes were loaded from 'unnamed module @1473632c'
2022-07-15 11:29:51,043 [WARN] from controllers.jpro in application-akka.actor.default-dispatcher-12 - The requested application "appname1" does not exist!
2022-07-15 11:29:51,550 [WARN] from controllers.jpro in application-akka.actor.default-dispatcher-13 - The requested application "appname1" does not exist!
2022-07-15 11:29:56,871 [WARN] from controllers.jpro in application-akka.actor.default-dispatcher-6 - The requested application "appname1" does not exist!
2022-07-15 11:30:01,923 [WARN] from controllers.jpro in application-akka.actor.default-dispatcher-13 - The requested application "appname1" does not exist!
2022-07-15 11:30:06,971 [WARN] from controllers.jpro in application-akka.actor.default-dispatcher-6 - The requested application "appname1" does not exist!
2022-07-15 11:30:19,461 [WARN] from javafx in application-akka.actor.default-dispatcher-7 - Unsupported JavaFX configuration: classes were loaded from 'unnamed module @337b7fbd'
2022-07-15 11:30:22,576 [WARN] from controllers.jpro in application-akka.actor.default-dispatcher-8 - The requested application "appname1" does not exist!
2022-07-15 11:30:23,649 [WARN] from controllers.jpro in application-akka.actor.default-dispatcher-5 - The requested application "appname1" does not exist!
2022-07-15 11:30:24,220 [WARN] from controllers.jpro in application-akka.actor.default-dispatcher-7 - The requested application "appname1" does not exist!
2022-07-15 11:31:11,684 [WARN] from controllers.jpro in application-akka.actor.default-dispatcher-10 - The requested application "appname1" does not exist!
2022-07-15 11:31:12,645 [WARN] from controllers.jpro in application-akka.actor.default-dispatcher-10 - The requested application "appname1" does not exist!
2022-07-15 11:31:13,240 [WARN] from controllers.jpro in application-akka.actor.default-dispatcher-10 - The requested application "appname1" does not exist!
2022-07-15 11:31:18,284 [WARN] from controllers.jpro in application-akka.actor.default-dispatcher-10 - The requested application "appname1" does not exist!
2022-07-15 11:31:36,524 [WARN] from javafx in application-akka.actor.default-dispatcher-9 - Unsupported JavaFX configuration: classes were loaded from 'unnamed module @49cefbfe'
2022-07-15 11:31:39,430 [ERROR] from com.jpro.internal.server.ViewSerializerActor in JavaFX Application Thread - JavaFXStreamer - got Exception: 
java.lang.ClassNotFoundException: com.heshan.testjpro
	at java.base/jdk.internal.loader.BuiltinClassLoader.loadClass(BuiltinClassLoader.java:641)
	at java.base/jdk.internal.loader.ClassLoaders$AppClassLoader.loadClass(ClassLoaders.java:188)
	at java.base/java.lang.ClassLoader.loadClass(ClassLoader.java:520)
	at simplefx.util.ReflectionUtil.loadClass(ReflectionUtil.scala:38)
	at simplefx.util.ReflectionUtil.callNew(ReflectionUtil.scala:103)
	at com.jpro.internal.config.ApplicationStarter$.startApplication(ApplicationStarter.scala:108)
	at com.jpro.internal.config.ApplicationStarter$.requestApplication(ApplicationStarter.scala:94)
	at com.jpro.internal.config.ApplicationStarter$.getApplication(ApplicationStarter.scala:60)
	at com.jpro.internal.communicator.ViewImpl.<init>(ViewImpl.scala:30)
	at com.jpro.internal.server.ViewByActor.<init>(ViewSerializerActor.scala:116)
	at com.jpro.internal.server.ViewSerializerActor$$anonfun$receive$2$$anonfun$applyOrElse$1.$anonfun$applyOrElse$2(ViewSerializerActor.scala:70)
	at simplefx.cores.standard.parts.CoreTimeEvent$$anon$3.run(CoreTimeEvent.scala:62)
	at com.sun.javafx.application.PlatformImpl.lambda$runLater$10(PlatformImpl.java:457)
	at java.base/java.security.AccessController.doPrivileged(AccessController.java:399)
	at com.sun.javafx.application.PlatformImpl.lambda$runLater$11(PlatformImpl.java:456)
	at com.sun.glass.ui.monocle.RunnableProcessor.runLoop(RunnableProcessor.java:92)
	at com.sun.glass.ui.monocle.RunnableProcessor.run(RunnableProcessor.java:51)
	at java.base/java.lang.Thread.run(Thread.java:833)
2022-07-15 11:31:39,988 [ERROR] from com.jpro.internal.server.ViewSerializerActor in JavaFX Application Thread - JavaFXStreamer - got Exception: 
java.lang.ClassNotFoundException: com.heshan.testjpro
	at java.base/jdk.internal.loader.BuiltinClassLoader.loadClass(BuiltinClassLoader.java:641)
	at java.base/jdk.internal.loader.ClassLoaders$AppClassLoader.loadClass(ClassLoaders.java:188)
	at java.base/java.lang.ClassLoader.loadClass(ClassLoader.java:520)
	at simplefx.util.ReflectionUtil.loadClass(ReflectionUtil.scala:38)
	at simplefx.util.ReflectionUtil.callNew(ReflectionUtil.scala:103)
	at com.jpro.internal.config.ApplicationStarter$.startApplication(ApplicationStarter.scala:108)
	at com.jpro.internal.config.ApplicationStarter$.requestApplication(ApplicationStarter.scala:94)
	at com.jpro.internal.config.ApplicationStarter$.getApplication(ApplicationStarter.scala:60)
	at com.jpro.internal.communicator.ViewImpl.<init>(ViewImpl.scala:30)
	at com.jpro.internal.server.ViewByActor.<init>(ViewSerializerActor.scala:116)
	at com.jpro.internal.server.ViewSerializerActor$$anonfun$receive$2$$anonfun$applyOrElse$1.$anonfun$applyOrElse$2(ViewSerializerActor.scala:70)
	at simplefx.cores.standard.parts.CoreTimeEvent$$anon$3.run(CoreTimeEvent.scala:62)
	at com.sun.javafx.application.PlatformImpl.lambda$runLater$10(PlatformImpl.java:457)
	at java.base/java.security.AccessController.doPrivileged(AccessController.java:399)
	at com.sun.javafx.application.PlatformImpl.lambda$runLater$11(PlatformImpl.java:456)
	at com.sun.glass.ui.monocle.RunnableProcessor.runLoop(RunnableProcessor.java:92)
	at com.sun.glass.ui.monocle.RunnableProcessor.run(RunnableProcessor.java:51)
	at java.base/java.lang.Thread.run(Thread.java:833)
2022-07-15 11:31:40,713 [ERROR] from com.jpro.internal.server.ViewSerializerActor in JavaFX Application Thread - JavaFXStreamer - got Exception: 
java.lang.ClassNotFoundException: com.heshan.testjpro
	at java.base/jdk.internal.loader.BuiltinClassLoader.loadClass(BuiltinClassLoader.java:641)
	at java.base/jdk.internal.loader.ClassLoaders$AppClassLoader.loadClass(ClassLoaders.java:188)
	at java.base/java.lang.ClassLoader.loadClass(ClassLoader.java:520)
	at simplefx.util.ReflectionUtil.loadClass(ReflectionUtil.scala:38)
	at simplefx.util.ReflectionUtil.callNew(ReflectionUtil.scala:103)
	at com.jpro.internal.config.ApplicationStarter$.startApplication(ApplicationStarter.scala:108)
	at com.jpro.internal.config.ApplicationStarter$.requestApplication(ApplicationStarter.scala:94)
	at com.jpro.internal.config.ApplicationStarter$.getApplication(ApplicationStarter.scala:60)
	at com.jpro.internal.communicator.ViewImpl.<init>(ViewImpl.scala:30)
	at com.jpro.internal.server.ViewByActor.<init>(ViewSerializerActor.scala:116)
	at com.jpro.internal.server.ViewSerializerActor$$anonfun$receive$2$$anonfun$applyOrElse$1.$anonfun$applyOrElse$2(ViewSerializerActor.scala:70)
	at simplefx.cores.standard.parts.CoreTimeEvent$$anon$3.run(CoreTimeEvent.scala:62)
	at com.sun.javafx.application.PlatformImpl.lambda$runLater$10(PlatformImpl.java:457)
	at java.base/java.security.AccessController.doPrivileged(AccessController.java:399)
	at com.sun.javafx.application.PlatformImpl.lambda$runLater$11(PlatformImpl.java:456)
	at com.sun.glass.ui.monocle.RunnableProcessor.runLoop(RunnableProcessor.java:92)
	at com.sun.glass.ui.monocle.RunnableProcessor.run(RunnableProcessor.java:51)
	at java.base/java.lang.Thread.run(Thread.java:833)
2022-07-15 11:31:45,753 [ERROR] from com.jpro.internal.server.ViewSerializerActor in JavaFX Application Thread - JavaFXStreamer - got Exception: 
java.lang.ClassNotFoundException: com.heshan.testjpro
	at java.base/jdk.internal.loader.BuiltinClassLoader.loadClass(BuiltinClassLoader.java:641)
	at java.base/jdk.internal.loader.ClassLoaders$AppClassLoader.loadClass(ClassLoaders.java:188)
	at java.base/java.lang.ClassLoader.loadClass(ClassLoader.java:520)
	at simplefx.util.ReflectionUtil.loadClass(ReflectionUtil.scala:38)
	at simplefx.util.ReflectionUtil.callNew(ReflectionUtil.scala:103)
	at com.jpro.internal.config.ApplicationStarter$.startApplication(ApplicationStarter.scala:108)
	at com.jpro.internal.config.ApplicationStarter$.requestApplication(ApplicationStarter.scala:94)
	at com.jpro.internal.config.ApplicationStarter$.getApplication(ApplicationStarter.scala:60)
	at com.jpro.internal.communicator.ViewImpl.<init>(ViewImpl.scala:30)
	at com.jpro.internal.server.ViewByActor.<init>(ViewSerializerActor.scala:116)
	at com.jpro.internal.server.ViewSerializerActor$$anonfun$receive$2$$anonfun$applyOrElse$1.$anonfun$applyOrElse$2(ViewSerializerActor.scala:70)
	at simplefx.cores.standard.parts.CoreTimeEvent$$anon$3.run(CoreTimeEvent.scala:62)
	at com.sun.javafx.application.PlatformImpl.lambda$runLater$10(PlatformImpl.java:457)
	at java.base/java.security.AccessController.doPrivileged(AccessController.java:399)
	at com.sun.javafx.application.PlatformImpl.lambda$runLater$11(PlatformImpl.java:456)
	at com.sun.glass.ui.monocle.RunnableProcessor.runLoop(RunnableProcessor.java:92)
	at com.sun.glass.ui.monocle.RunnableProcessor.run(RunnableProcessor.java:51)
	at java.base/java.lang.Thread.run(Thread.java:833)
2022-07-15 11:31:47,157 [ERROR] from com.jpro.internal.server.ViewSerializerActor in JavaFX Application Thread - JavaFXStreamer - got Exception: 
java.lang.ClassNotFoundException: com.heshan.testjpro
	at java.base/jdk.internal.loader.BuiltinClassLoader.loadClass(BuiltinClassLoader.java:641)
	at java.base/jdk.internal.loader.ClassLoaders$AppClassLoader.loadClass(ClassLoaders.java:188)
	at java.base/java.lang.ClassLoader.loadClass(ClassLoader.java:520)
	at simplefx.util.ReflectionUtil.loadClass(ReflectionUtil.scala:38)
	at simplefx.util.ReflectionUtil.callNew(ReflectionUtil.scala:103)
	at com.jpro.internal.config.ApplicationStarter$.startApplication(ApplicationStarter.scala:108)
	at com.jpro.internal.config.ApplicationStarter$.requestApplication(ApplicationStarter.scala:94)
	at com.jpro.internal.config.ApplicationStarter$.getApplication(ApplicationStarter.scala:60)
	at com.jpro.internal.communicator.ViewImpl.<init>(ViewImpl.scala:30)
	at com.jpro.internal.server.ViewByActor.<init>(ViewSerializerActor.scala:116)
	at com.jpro.internal.server.ViewSerializerActor$$anonfun$receive$2$$anonfun$applyOrElse$1.$anonfun$applyOrElse$2(ViewSerializerActor.scala:70)
	at simplefx.cores.standard.parts.CoreTimeEvent$$anon$3.run(CoreTimeEvent.scala:62)
	at com.sun.javafx.application.PlatformImpl.lambda$runLater$10(PlatformImpl.java:457)
	at java.base/java.security.AccessController.doPrivileged(AccessController.java:399)
	at com.sun.javafx.application.PlatformImpl.lambda$runLater$11(PlatformImpl.java:456)
	at com.sun.glass.ui.monocle.RunnableProcessor.runLoop(RunnableProcessor.java:92)
	at com.sun.glass.ui.monocle.RunnableProcessor.run(RunnableProcessor.java:51)
	at java.base/java.lang.Thread.run(Thread.java:833)
2022-07-15 11:32:52,326 [ERROR] from com.jpro.internal.server.ViewSerializerActor in JavaFX Application Thread - JavaFXStreamer - got Exception: 
java.lang.ClassNotFoundException: com.heshan.testjpro
	at java.base/jdk.internal.loader.BuiltinClassLoader.loadClass(BuiltinClassLoader.java:641)
	at java.base/jdk.internal.loader.ClassLoaders$AppClassLoader.loadClass(ClassLoaders.java:188)
	at java.base/java.lang.ClassLoader.loadClass(ClassLoader.java:520)
	at simplefx.util.ReflectionUtil.loadClass(ReflectionUtil.scala:38)
	at simplefx.util.ReflectionUtil.callNew(ReflectionUtil.scala:103)
	at com.jpro.internal.config.ApplicationStarter$.startApplication(ApplicationStarter.scala:108)
	at com.jpro.internal.config.ApplicationStarter$.requestApplication(ApplicationStarter.scala:94)
	at com.jpro.internal.config.ApplicationStarter$.getApplication(ApplicationStarter.scala:60)
	at com.jpro.internal.communicator.ViewImpl.<init>(ViewImpl.scala:30)
	at com.jpro.internal.server.ViewByActor.<init>(ViewSerializerActor.scala:116)
	at com.jpro.internal.server.ViewSerializerActor$$anonfun$receive$2$$anonfun$applyOrElse$1.$anonfun$applyOrElse$2(ViewSerializerActor.scala:70)
	at simplefx.cores.standard.parts.CoreTimeEvent$$anon$3.run(CoreTimeEvent.scala:62)
	at com.sun.javafx.application.PlatformImpl.lambda$runLater$10(PlatformImpl.java:457)
	at java.base/java.security.AccessController.doPrivileged(AccessController.java:399)
	at com.sun.javafx.application.PlatformImpl.lambda$runLater$11(PlatformImpl.java:456)
	at com.sun.glass.ui.monocle.RunnableProcessor.runLoop(RunnableProcessor.java:92)
	at com.sun.glass.ui.monocle.RunnableProcessor.run(RunnableProcessor.java:51)
	at java.base/java.lang.Thread.run(Thread.java:833)
2022-07-15 11:32:53,851 [ERROR] from com.jpro.internal.server.ViewSerializerActor in JavaFX Application Thread - JavaFXStreamer - got Exception: 
java.lang.ClassNotFoundException: com.heshan.testjpro
	at java.base/jdk.internal.loader.BuiltinClassLoader.loadClass(BuiltinClassLoader.java:641)
	at java.base/jdk.internal.loader.ClassLoaders$AppClassLoader.loadClass(ClassLoaders.java:188)
	at java.base/java.lang.ClassLoader.loadClass(ClassLoader.java:520)
	at simplefx.util.ReflectionUtil.loadClass(ReflectionUtil.scala:38)
	at simplefx.util.ReflectionUtil.callNew(ReflectionUtil.scala:103)
	at com.jpro.internal.config.ApplicationStarter$.startApplication(ApplicationStarter.scala:108)
	at com.jpro.internal.config.ApplicationStarter$.requestApplication(ApplicationStarter.scala:94)
	at com.jpro.internal.config.ApplicationStarter$.getApplication(ApplicationStarter.scala:60)
	at com.jpro.internal.communicator.ViewImpl.<init>(ViewImpl.scala:30)
	at com.jpro.internal.server.ViewByActor.<init>(ViewSerializerActor.scala:116)
	at com.jpro.internal.server.ViewSerializerActor$$anonfun$receive$2$$anonfun$applyOrElse$1.$anonfun$applyOrElse$2(ViewSerializerActor.scala:70)
	at simplefx.cores.standard.parts.CoreTimeEvent$$anon$3.run(CoreTimeEvent.scala:62)
	at com.sun.javafx.application.PlatformImpl.lambda$runLater$10(PlatformImpl.java:457)
	at java.base/java.security.AccessController.doPrivileged(AccessController.java:399)
	at com.sun.javafx.application.PlatformImpl.lambda$runLater$11(PlatformImpl.java:456)
	at com.sun.glass.ui.monocle.RunnableProcessor.runLoop(RunnableProcessor.java:92)
	at com.sun.glass.ui.monocle.RunnableProcessor.run(RunnableProcessor.java:51)
	at java.base/java.lang.Thread.run(Thread.java:833)
2022-07-15 11:32:54,737 [ERROR] from com.jpro.internal.server.ViewSerializerActor in JavaFX Application Thread - JavaFXStreamer - got Exception: 
java.lang.ClassNotFoundException: com.heshan.testjpro
	at java.base/jdk.internal.loader.BuiltinClassLoader.loadClass(BuiltinClassLoader.java:641)
	at java.base/jdk.internal.loader.ClassLoaders$AppClassLoader.loadClass(ClassLoaders.java:188)
	at java.base/java.lang.ClassLoader.loadClass(ClassLoader.java:520)
	at simplefx.util.ReflectionUtil.loadClass(ReflectionUtil.scala:38)
	at simplefx.util.ReflectionUtil.callNew(ReflectionUtil.scala:103)
	at com.jpro.internal.config.ApplicationStarter$.startApplication(ApplicationStarter.scala:108)
	at com.jpro.internal.config.ApplicationStarter$.requestApplication(ApplicationStarter.scala:94)
	at com.jpro.internal.config.ApplicationStarter$.getApplication(ApplicationStarter.scala:60)
	at com.jpro.internal.communicator.ViewImpl.<init>(ViewImpl.scala:30)
	at com.jpro.internal.server.ViewByActor.<init>(ViewSerializerActor.scala:116)
	at com.jpro.internal.server.ViewSerializerActor$$anonfun$receive$2$$anonfun$applyOrElse$1.$anonfun$applyOrElse$2(ViewSerializerActor.scala:70)
	at simplefx.cores.standard.parts.CoreTimeEvent$$anon$3.run(CoreTimeEvent.scala:62)
	at com.sun.javafx.application.PlatformImpl.lambda$runLater$10(PlatformImpl.java:457)
	at java.base/java.security.AccessController.doPrivileged(AccessController.java:399)
	at com.sun.javafx.application.PlatformImpl.lambda$runLater$11(PlatformImpl.java:456)
	at com.sun.glass.ui.monocle.RunnableProcessor.runLoop(RunnableProcessor.java:92)
	at com.sun.glass.ui.monocle.RunnableProcessor.run(RunnableProcessor.java:51)
	at java.base/java.lang.Thread.run(Thread.java:833)
2022-07-15 11:32:55,470 [ERROR] from com.jpro.internal.server.ViewSerializerActor in JavaFX Application Thread - JavaFXStreamer - got Exception: 
java.lang.ClassNotFoundException: com.heshan.testjpro
	at java.base/jdk.internal.loader.BuiltinClassLoader.loadClass(BuiltinClassLoader.java:641)
	at java.base/jdk.internal.loader.ClassLoaders$AppClassLoader.loadClass(ClassLoaders.java:188)
	at java.base/java.lang.ClassLoader.loadClass(ClassLoader.java:520)
	at simplefx.util.ReflectionUtil.loadClass(ReflectionUtil.scala:38)
	at simplefx.util.ReflectionUtil.callNew(ReflectionUtil.scala:103)
	at com.jpro.internal.config.ApplicationStarter$.startApplication(ApplicationStarter.scala:108)
	at com.jpro.internal.config.ApplicationStarter$.requestApplication(ApplicationStarter.scala:94)
	at com.jpro.internal.config.ApplicationStarter$.getApplication(ApplicationStarter.scala:60)
	at com.jpro.internal.communicator.ViewImpl.<init>(ViewImpl.scala:30)
	at com.jpro.internal.server.ViewByActor.<init>(ViewSerializerActor.scala:116)
	at com.jpro.internal.server.ViewSerializerActor$$anonfun$receive$2$$anonfun$applyOrElse$1.$anonfun$applyOrElse$2(ViewSerializerActor.scala:70)
	at simplefx.cores.standard.parts.CoreTimeEvent$$anon$3.run(CoreTimeEvent.scala:62)
	at com.sun.javafx.application.PlatformImpl.lambda$runLater$10(PlatformImpl.java:457)
	at java.base/java.security.AccessController.doPrivileged(AccessController.java:399)
	at com.sun.javafx.application.PlatformImpl.lambda$runLater$11(PlatformImpl.java:456)
	at com.sun.glass.ui.monocle.RunnableProcessor.runLoop(RunnableProcessor.java:92)
	at com.sun.glass.ui.monocle.RunnableProcessor.run(RunnableProcessor.java:51)
	at java.base/java.lang.Thread.run(Thread.java:833)
2022-07-15 11:33:12,716 [WARN] from javafx in application-akka.actor.default-dispatcher-8 - Unsupported JavaFX configuration: classes were loaded from 'unnamed module @6247ba72'
2022-07-15 11:34:16,783 [WARN] from javafx in application-akka.actor.default-dispatcher-9 - Unsupported JavaFX configuration: classes were loaded from 'unnamed module @3d97144'
2022-07-15 11:34:20,317 [WARN] from com.jpro.internal.server.ViewSerializerActor in application-akka.actor.default-dispatcher-7 - Unexpected message form client, closing session.
2022-07-15 11:34:21,042 [WARN] from com.jpro.internal.server.ViewSerializerActor in application-akka.actor.default-dispatcher-10 - Unexpected message form client, closing session.
2022-07-15 11:34:21,783 [WARN] from com.jpro.internal.server.ViewSerializerActor in application-akka.actor.default-dispatcher-4 - Unexpected message form client, closing session.
