2022-07-15 11:18:21,249 [INFO] from akka.event.slf4j.Slf4jLogger in application-akka.actor.default-dispatcher-5 - Slf4jLogger started
2022-07-15 11:18:23,602 [INFO] from play.api.Play in Thread-0 - Application started (Prod) (no global state)
2022-07-15 11:18:25,857 [INFO] from play.core.server.AkkaHttpServer in Thread-0 - Enabling HTTP/2 on Akka HTTP server...
2022-07-15 11:18:25,858 [INFO] from play.core.server.AkkaHttpServer in Thread-0 - Listening for HTTP on /[0:0:0:0:0:0:0:0]:8080
2022-07-15 11:18:26,364 [INFO] from com.jpro.activity in application-akka.actor.default-dispatcher-8 - Starting the server
2022-07-15 11:18:26,365 [INFO] from com.jpro.internal.server.Initializer$ in application-akka.actor.default-dispatcher-8 -  *** Starting JPro: https://www.jpro.one/ ***
2022-07-15 11:18:26,365 [INFO] from com.jpro.internal.server.Initializer$ in application-akka.actor.default-dispatcher-8 - OS: Windows 10
2022-07-15 11:18:26,402 [INFO] from com.jpro.internal.server.Initializer$ in application-akka.actor.default-dispatcher-8 - JPro: 2022.1.2
2022-07-15 11:18:26,403 [INFO] from com.jpro.internal.server.Initializer$ in application-akka.actor.default-dispatcher-8 - Java version: 17.0.1
2022-07-15 11:18:26,403 [INFO] from com.jpro.internal.server.Initializer$ in application-akka.actor.default-dispatcher-8 - JVM: 17.0.1 Oracle Corporation
2022-07-15 11:18:26,410 [INFO] from com.jpro.internal.server.Initializer$ in application-akka.actor.default-dispatcher-8 - JavaFX jar: file:/C:/Users/hesha/.gradle/caches/modules-2/files-2.1/org.openjfx/javafx-graphics/18.0.1.1-jpro+0/cc710dbad6a612bf9e494d03db4b726035ad47f6/javafx-graphics-18.0.1.1-jpro+0-win.jar
2022-07-15 11:18:26,484 [INFO] from com.jpro.internal.server.Initializer$ in application-akka.actor.default-dispatcher-8 - redirected OUT / ERR
2022-07-15 11:18:26,484 [INFO] from com.jpro.internal.server.Initializer$ in application-akka.actor.default-dispatcher-8 - installed SLF4JBridge
2022-07-15 11:18:26,708 [WARN] from javafx in application-akka.actor.default-dispatcher-8 - Unsupported JavaFX configuration: classes were loaded from 'unnamed module @79daf2df'
2022-07-15 11:18:28,745 [INFO] from com.jpro.internal.server.Initializer$ in JavaFX Application Thread - JavaFX version: 18.0.1.1-jpro+0-2022-05-06-133527
2022-07-15 11:18:28,789 [INFO] from com.jpro.internal.server.Initializer$ in application-akka.actor.default-dispatcher-8 - finished init!
2022-07-15 11:18:33,368 [INFO] from controllers.jpro in application-akka.actor.default-dispatcher-9 - application requested: default
2022-07-15 11:18:33,429 [INFO] from controllers.jpro in application-akka.actor.default-dispatcher-9 - Creating Application: default
2022-07-15 11:18:33,434 [INFO] from controllers.jpro in application-akka.actor.default-dispatcher-9 - remoteAddress 0:0:0:0:0:0:0:1
2022-07-15 11:18:33,443 [INFO] from controllers.jpro in application-akka.actor.default-dispatcher-9 - host          localhost:8080
2022-07-15 11:18:33,443 [INFO] from controllers.jpro in application-akka.actor.default-dispatcher-9 - uri           /app/ws/default
2022-07-15 11:18:36,054 [INFO] from com.jpro.JS in JavaFX Application Thread - received msg: new MainID: 370 userid: 1087411431
2022-07-15 11:26:07,812 [WARN] from com.jpro.internal.server.ViewSerializerActor in application-akka.actor.default-dispatcher-7 - Unexpected message form client, closing session.
2022-07-15 11:26:07,824 [INFO] from com.jpro.internal.stats.ViewInfo$ in JavaFX Application Thread - 
2022-07-15 11:26:07,824 [INFO] from com.jpro.internal.stats.ViewInfo$ in JavaFX Application Thread - Application closed:
2022-07-15 11:26:07,841 [INFO] from com.jpro.internal.stats.ViewInfo$ in JavaFX Application Thread - startTime      : Fri Jul 15 11:26:07 IST 2022      
2022-07-15 11:26:07,841 [INFO] from com.jpro.internal.stats.ViewInfo$ in JavaFX Application Thread - averageLatency : 00:00:00.002 
2022-07-15 11:26:07,841 [INFO] from com.jpro.internal.stats.ViewInfo$ in JavaFX Application Thread - averageJitter  : 00:00:00.000  
2022-07-15 11:26:07,843 [INFO] from com.jpro.internal.stats.ViewInfo$ in JavaFX Application Thread - framerateServer: 00:00:00.000
2022-07-15 11:26:07,844 [INFO] from com.jpro.internal.stats.ViewInfo$ in JavaFX Application Thread - framerateClient: 00:00:00.000
2022-07-15 11:26:07,844 [INFO] from com.jpro.internal.stats.ViewInfo$ in JavaFX Application Thread - raw            : 1006151
2022-07-15 11:26:07,844 [INFO] from com.jpro.internal.stats.ViewInfo$ in JavaFX Application Thread - zipped         : 432927
2022-07-15 11:26:07,844 [INFO] from com.jpro.internal.stats.ViewInfo$ in JavaFX Application Thread - 
2022-07-15 11:26:07,988 [INFO] from controllers.jpro in application-akka.actor.default-dispatcher-11 - application requested: default
2022-07-15 11:26:07,988 [INFO] from controllers.jpro in application-akka.actor.default-dispatcher-11 - Creating Application: default
2022-07-15 11:26:07,989 [INFO] from controllers.jpro in application-akka.actor.default-dispatcher-11 - remoteAddress 0:0:0:0:0:0:0:1
2022-07-15 11:26:07,989 [INFO] from controllers.jpro in application-akka.actor.default-dispatcher-11 - host          localhost:8080
2022-07-15 11:26:07,989 [INFO] from controllers.jpro in application-akka.actor.default-dispatcher-11 - uri           /app/ws/default
2022-07-15 11:26:08,121 [INFO] from com.jpro.JS in JavaFX Application Thread - received msg: new MainID: 370 userid: 1707874115
2022-07-15 11:26:08,810 [INFO] from com.jpro.internal.communicator.InstanceImpl in JavaFX Application Thread - closing window!
2022-07-15 11:26:08,840 [WARN] from com.jpro.internal.server.ViewSerializerActor in application-akka.actor.default-dispatcher-11 - Unexpected message form client, closing session.
2022-07-15 11:26:08,844 [INFO] from com.jpro.internal.stats.ViewInfo$ in JavaFX Application Thread - 
2022-07-15 11:26:08,844 [INFO] from com.jpro.internal.stats.ViewInfo$ in JavaFX Application Thread - Application closed:
2022-07-15 11:26:08,844 [INFO] from com.jpro.internal.stats.ViewInfo$ in JavaFX Application Thread - startTime      : Fri Jul 15 11:26:08 IST 2022      
2022-07-15 11:26:08,844 [INFO] from com.jpro.internal.stats.ViewInfo$ in JavaFX Application Thread - averageLatency : 00:00:00.000 
2022-07-15 11:26:08,845 [INFO] from com.jpro.internal.stats.ViewInfo$ in JavaFX Application Thread - averageJitter  : 00:00:00.000  
2022-07-15 11:26:08,845 [INFO] from com.jpro.internal.stats.ViewInfo$ in JavaFX Application Thread - framerateServer: 00:00:00.000
2022-07-15 11:26:08,845 [INFO] from com.jpro.internal.stats.ViewInfo$ in JavaFX Application Thread - framerateClient: 00:00:00.000
2022-07-15 11:26:08,845 [INFO] from com.jpro.internal.stats.ViewInfo$ in JavaFX Application Thread - raw            : 17188
2022-07-15 11:26:08,845 [INFO] from com.jpro.internal.stats.ViewInfo$ in JavaFX Application Thread - zipped         : 3359
2022-07-15 11:26:08,845 [INFO] from com.jpro.internal.stats.ViewInfo$ in JavaFX Application Thread - 
2022-07-15 11:26:08,935 [INFO] from controllers.jpro in application-akka.actor.default-dispatcher-15 - application requested: default
2022-07-15 11:26:08,935 [INFO] from controllers.jpro in application-akka.actor.default-dispatcher-15 - Creating Application: default
2022-07-15 11:26:08,936 [INFO] from controllers.jpro in application-akka.actor.default-dispatcher-15 - remoteAddress 0:0:0:0:0:0:0:1
2022-07-15 11:26:08,936 [INFO] from controllers.jpro in application-akka.actor.default-dispatcher-15 - host          localhost:8080
2022-07-15 11:26:08,936 [INFO] from controllers.jpro in application-akka.actor.default-dispatcher-15 - uri           /app/ws/default
2022-07-15 11:26:09,026 [INFO] from com.jpro.JS in JavaFX Application Thread - received msg: new MainID: 370 userid: 895938685
2022-07-15 11:26:09,834 [INFO] from com.jpro.internal.communicator.InstanceImpl in JavaFX Application Thread - closing window!
2022-07-15 11:26:26,185 [INFO] from akka.event.slf4j.Slf4jLogger in application-akka.actor.default-dispatcher-5 - Slf4jLogger started
2022-07-15 11:26:27,582 [INFO] from play.api.Play in Thread-0 - Application started (Prod) (no global state)
2022-07-15 11:26:28,775 [INFO] from play.core.server.AkkaHttpServer in Thread-0 - Enabling HTTP/2 on Akka HTTP server...
2022-07-15 11:26:28,777 [INFO] from play.core.server.AkkaHttpServer in Thread-0 - Listening for HTTP on /[0:0:0:0:0:0:0:0]:8080
2022-07-15 11:26:29,215 [INFO] from com.jpro.activity in application-akka.actor.default-dispatcher-8 - Starting the server
2022-07-15 11:26:29,216 [INFO] from com.jpro.internal.server.Initializer$ in application-akka.actor.default-dispatcher-8 -  *** Starting JPro: https://www.jpro.one/ ***
2022-07-15 11:26:29,216 [INFO] from com.jpro.internal.server.Initializer$ in application-akka.actor.default-dispatcher-8 - OS: Windows 10
2022-07-15 11:26:29,239 [INFO] from com.jpro.internal.server.Initializer$ in application-akka.actor.default-dispatcher-8 - JPro: 2022.1.2
2022-07-15 11:26:29,239 [INFO] from com.jpro.internal.server.Initializer$ in application-akka.actor.default-dispatcher-8 - Java version: 17.0.1
2022-07-15 11:26:29,239 [INFO] from com.jpro.internal.server.Initializer$ in application-akka.actor.default-dispatcher-8 - JVM: 17.0.1 Oracle Corporation
2022-07-15 11:26:29,251 [INFO] from com.jpro.internal.server.Initializer$ in application-akka.actor.default-dispatcher-8 - JavaFX jar: file:/C:/Users/hesha/.gradle/caches/modules-2/files-2.1/org.openjfx/javafx-graphics/18.0.1.1-jpro+0/cc710dbad6a612bf9e494d03db4b726035ad47f6/javafx-graphics-18.0.1.1-jpro+0-win.jar
2022-07-15 11:26:29,282 [INFO] from com.jpro.internal.server.Initializer$ in application-akka.actor.default-dispatcher-8 - redirected OUT / ERR
2022-07-15 11:26:29,283 [INFO] from com.jpro.internal.server.Initializer$ in application-akka.actor.default-dispatcher-8 - installed SLF4JBridge
2022-07-15 11:26:29,449 [WARN] from javafx in application-akka.actor.default-dispatcher-8 - Unsupported JavaFX configuration: classes were loaded from 'unnamed module @4dfd6c71'
2022-07-15 11:26:30,507 [INFO] from com.jpro.internal.server.Initializer$ in JavaFX Application Thread - JavaFX version: 18.0.1.1-jpro+0-2022-05-06-133527
2022-07-15 11:26:30,546 [INFO] from com.jpro.internal.server.Initializer$ in application-akka.actor.default-dispatcher-8 - finished init!
2022-07-15 11:26:31,447 [INFO] from controllers.jpro in application-akka.actor.default-dispatcher-8 - application requested: 237834186!default
2022-07-15 11:26:31,464 [INFO] from controllers.jpro in application-akka.actor.default-dispatcher-8 - Creating Application: 237834186!default
2022-07-15 11:26:31,471 [INFO] from controllers.jpro in application-akka.actor.default-dispatcher-8 - remoteAddress 0:0:0:0:0:0:0:1
2022-07-15 11:26:31,475 [INFO] from controllers.jpro in application-akka.actor.default-dispatcher-8 - host          localhost:8080
2022-07-15 11:26:31,476 [INFO] from controllers.jpro in application-akka.actor.default-dispatcher-8 - uri           /app/ws/237834186!default
2022-07-15 11:26:32,460 [WARN] from com.jpro.internal.server.ViewSerializerActor in application-akka.actor.default-dispatcher-9 - Unexpected message form client, closing session.
2022-07-15 11:26:32,769 [WARN] from controllers.jpro in application-akka.actor.default-dispatcher-10 - jpro.plainFile - Couldn't get resource for: 'jpro/html/myFavicon.png'
2022-07-15 11:26:32,780 [INFO] from controllers.jpro in application-akka.actor.default-dispatcher-8 - application requested: default
2022-07-15 11:26:32,781 [INFO] from controllers.jpro in application-akka.actor.default-dispatcher-8 - Creating Application: default
2022-07-15 11:26:32,781 [INFO] from controllers.jpro in application-akka.actor.default-dispatcher-8 - remoteAddress 0:0:0:0:0:0:0:1
2022-07-15 11:26:32,782 [INFO] from controllers.jpro in application-akka.actor.default-dispatcher-8 - host          localhost:8080
2022-07-15 11:26:32,782 [INFO] from controllers.jpro in application-akka.actor.default-dispatcher-8 - uri           /app/ws/default
2022-07-15 11:26:33,666 [INFO] from com.jpro.internal.stats.ViewInfo$ in JavaFX Application Thread - 
2022-07-15 11:26:33,666 [INFO] from com.jpro.internal.stats.ViewInfo$ in JavaFX Application Thread - Application closed:
2022-07-15 11:26:33,682 [INFO] from com.jpro.internal.stats.ViewInfo$ in JavaFX Application Thread - startTime      : Fri Jul 15 11:26:31 IST 2022      
2022-07-15 11:26:33,684 [INFO] from com.jpro.internal.stats.ViewInfo$ in JavaFX Application Thread - averageLatency : 00:00:00.000 
2022-07-15 11:26:33,686 [INFO] from com.jpro.internal.stats.ViewInfo$ in JavaFX Application Thread - averageJitter  : 00:00:00.000  
2022-07-15 11:26:33,687 [INFO] from com.jpro.internal.stats.ViewInfo$ in JavaFX Application Thread - framerateServer: 00:00:00.000
2022-07-15 11:26:33,689 [INFO] from com.jpro.internal.stats.ViewInfo$ in JavaFX Application Thread - framerateClient: 00:00:00.000
2022-07-15 11:26:33,691 [INFO] from com.jpro.internal.stats.ViewInfo$ in JavaFX Application Thread - raw            : 0
2022-07-15 11:26:33,692 [INFO] from com.jpro.internal.stats.ViewInfo$ in JavaFX Application Thread - zipped         : 0
2022-07-15 11:26:33,692 [INFO] from com.jpro.internal.stats.ViewInfo$ in JavaFX Application Thread - 
2022-07-15 11:26:33,939 [INFO] from com.jpro.JS in JavaFX Application Thread - received msg: new MainID: 370 userid: 2146878650
2022-07-15 11:26:36,887 [INFO] from com.jpro.internal.communicator.InstanceImpl in JavaFX Application Thread - closing window!
2022-07-15 11:28:16,742 [INFO] from akka.event.slf4j.Slf4jLogger in application-akka.actor.default-dispatcher-5 - Slf4jLogger started
2022-07-15 11:28:18,231 [INFO] from play.api.Play in Thread-0 - Application started (Prod) (no global state)
2022-07-15 11:28:19,427 [INFO] from play.core.server.AkkaHttpServer in Thread-0 - Enabling HTTP/2 on Akka HTTP server...
2022-07-15 11:28:19,435 [INFO] from play.core.server.AkkaHttpServer in Thread-0 - Listening for HTTP on /[0:0:0:0:0:0:0:0]:8080
2022-07-15 11:28:19,834 [INFO] from com.jpro.activity in application-akka.actor.default-dispatcher-8 - Starting the server
2022-07-15 11:28:19,834 [INFO] from com.jpro.internal.server.Initializer$ in application-akka.actor.default-dispatcher-8 -  *** Starting JPro: https://www.jpro.one/ ***
2022-07-15 11:28:19,835 [INFO] from com.jpro.internal.server.Initializer$ in application-akka.actor.default-dispatcher-8 - OS: Windows 10
2022-07-15 11:28:19,856 [INFO] from com.jpro.internal.server.Initializer$ in application-akka.actor.default-dispatcher-8 - JPro: 2022.1.2
2022-07-15 11:28:19,857 [INFO] from com.jpro.internal.server.Initializer$ in application-akka.actor.default-dispatcher-8 - Java version: 17.0.1
2022-07-15 11:28:19,858 [INFO] from com.jpro.internal.server.Initializer$ in application-akka.actor.default-dispatcher-8 - JVM: 17.0.1 Oracle Corporation
2022-07-15 11:28:19,869 [INFO] from com.jpro.internal.server.Initializer$ in application-akka.actor.default-dispatcher-8 - JavaFX jar: file:/C:/Users/hesha/.gradle/caches/modules-2/files-2.1/org.openjfx/javafx-graphics/18.0.1.1-jpro+0/cc710dbad6a612bf9e494d03db4b726035ad47f6/javafx-graphics-18.0.1.1-jpro+0-win.jar
2022-07-15 11:28:19,911 [INFO] from com.jpro.internal.server.Initializer$ in application-akka.actor.default-dispatcher-8 - redirected OUT / ERR
2022-07-15 11:28:19,911 [INFO] from com.jpro.internal.server.Initializer$ in application-akka.actor.default-dispatcher-8 - installed SLF4JBridge
2022-07-15 11:28:20,111 [WARN] from javafx in application-akka.actor.default-dispatcher-8 - Unsupported JavaFX configuration: classes were loaded from 'unnamed module @6414f2c2'
2022-07-15 11:28:21,082 [INFO] from com.jpro.internal.server.Initializer$ in JavaFX Application Thread - JavaFX version: 18.0.1.1-jpro+0-2022-05-06-133527
2022-07-15 11:28:21,130 [INFO] from com.jpro.internal.server.Initializer$ in application-akka.actor.default-dispatcher-8 - finished init!
2022-07-15 11:28:22,662 [INFO] from controllers.jpro in application-akka.actor.default-dispatcher-9 - application requested: appname1
2022-07-15 11:28:22,681 [INFO] from controllers.jpro in application-akka.actor.default-dispatcher-9 - Creating Application: appname1
2022-07-15 11:28:22,687 [INFO] from controllers.jpro in application-akka.actor.default-dispatcher-9 - remoteAddress 0:0:0:0:0:0:0:1
2022-07-15 11:28:22,691 [INFO] from controllers.jpro in application-akka.actor.default-dispatcher-9 - host          localhost:8080
2022-07-15 11:28:22,691 [INFO] from controllers.jpro in application-akka.actor.default-dispatcher-9 - uri           /app/ws/appname1
2022-07-15 11:28:23,134 [ERROR] from com.jpro.internal.server.ViewSerializerActor in JavaFX Application Thread - JavaFXStreamer - got Exception: 
java.lang.ClassNotFoundException: com.heshan.testjpro.HelloApllication
	at java.base/jdk.internal.loader.BuiltinClassLoader.loadClass(BuiltinClassLoader.java:641)
	at java.base/jdk.internal.loader.ClassLoaders$AppClassLoader.loadClass(ClassLoaders.java:188)
	at java.base/java.lang.ClassLoader.loadClass(ClassLoader.java:520)
	at simplefx.util.ReflectionUtil.loadClass(ReflectionUtil.scala:38)
	at simplefx.util.ReflectionUtil.callNew(ReflectionUtil.scala:103)
	at com.jpro.internal.config.ApplicationStarter$.startApplication(ApplicationStarter.scala:108)
	at com.jpro.internal.config.ApplicationStarter$.requestApplication(ApplicationStarter.scala:94)
	at com.jpro.internal.config.ApplicationStarter$.getApplication(ApplicationStarter.scala:60)
	at com.jpro.internal.communicator.ViewImpl.<init>(ViewImpl.scala:30)
	at com.jpro.internal.server.ViewByActor.<init>(ViewSerializerActor.scala:116)
	at com.jpro.internal.server.ViewSerializerActor$$anonfun$receive$2$$anonfun$applyOrElse$1.$anonfun$applyOrElse$2(ViewSerializerActor.scala:70)
	at simplefx.cores.standard.parts.CoreTimeEvent$$anon$3.run(CoreTimeEvent.scala:62)
	at com.sun.javafx.application.PlatformImpl.lambda$runLater$10(PlatformImpl.java:457)
	at java.base/java.security.AccessController.doPrivileged(AccessController.java:399)
	at com.sun.javafx.application.PlatformImpl.lambda$runLater$11(PlatformImpl.java:456)
	at com.sun.glass.ui.monocle.RunnableProcessor.runLoop(RunnableProcessor.java:92)
	at com.sun.glass.ui.monocle.RunnableProcessor.run(RunnableProcessor.java:51)
	at java.base/java.lang.Thread.run(Thread.java:833)
2022-07-15 11:28:25,555 [INFO] from controllers.jpro in application-akka.actor.default-dispatcher-10 - application requested: appname1
2022-07-15 11:28:25,556 [INFO] from controllers.jpro in application-akka.actor.default-dispatcher-10 - Creating Application: appname1
2022-07-15 11:28:25,556 [INFO] from controllers.jpro in application-akka.actor.default-dispatcher-10 - remoteAddress 0:0:0:0:0:0:0:1
2022-07-15 11:28:25,556 [INFO] from controllers.jpro in application-akka.actor.default-dispatcher-10 - host          localhost:8080
2022-07-15 11:28:25,556 [INFO] from controllers.jpro in application-akka.actor.default-dispatcher-10 - uri           /app/ws/appname1
2022-07-15 11:28:25,580 [ERROR] from com.jpro.internal.server.ViewSerializerActor in JavaFX Application Thread - JavaFXStreamer - got Exception: 
java.lang.ClassNotFoundException: com.heshan.testjpro.HelloApllication
	at java.base/jdk.internal.loader.BuiltinClassLoader.loadClass(BuiltinClassLoader.java:641)
	at java.base/jdk.internal.loader.ClassLoaders$AppClassLoader.loadClass(ClassLoaders.java:188)
	at java.base/java.lang.ClassLoader.loadClass(ClassLoader.java:520)
	at simplefx.util.ReflectionUtil.loadClass(ReflectionUtil.scala:38)
	at simplefx.util.ReflectionUtil.callNew(ReflectionUtil.scala:103)
	at com.jpro.internal.config.ApplicationStarter$.startApplication(ApplicationStarter.scala:108)
	at com.jpro.internal.config.ApplicationStarter$.requestApplication(ApplicationStarter.scala:94)
	at com.jpro.internal.config.ApplicationStarter$.getApplication(ApplicationStarter.scala:60)
	at com.jpro.internal.communicator.ViewImpl.<init>(ViewImpl.scala:30)
	at com.jpro.internal.server.ViewByActor.<init>(ViewSerializerActor.scala:116)
	at com.jpro.internal.server.ViewSerializerActor$$anonfun$receive$2$$anonfun$applyOrElse$1.$anonfun$applyOrElse$2(ViewSerializerActor.scala:70)
	at simplefx.cores.standard.parts.CoreTimeEvent$$anon$3.run(CoreTimeEvent.scala:62)
	at com.sun.javafx.application.PlatformImpl.lambda$runLater$10(PlatformImpl.java:457)
	at java.base/java.security.AccessController.doPrivileged(AccessController.java:399)
	at com.sun.javafx.application.PlatformImpl.lambda$runLater$11(PlatformImpl.java:456)
	at com.sun.glass.ui.monocle.RunnableProcessor.runLoop(RunnableProcessor.java:92)
	at com.sun.glass.ui.monocle.RunnableProcessor.run(RunnableProcessor.java:51)
	at java.base/java.lang.Thread.run(Thread.java:833)
2022-07-15 11:28:27,881 [INFO] from controllers.jpro in application-akka.actor.default-dispatcher-9 - application requested: appname1
2022-07-15 11:28:27,882 [INFO] from controllers.jpro in application-akka.actor.default-dispatcher-9 - Creating Application: appname1
2022-07-15 11:28:27,882 [INFO] from controllers.jpro in application-akka.actor.default-dispatcher-9 - remoteAddress 0:0:0:0:0:0:0:1
2022-07-15 11:28:27,882 [INFO] from controllers.jpro in application-akka.actor.default-dispatcher-9 - host          localhost:8080
2022-07-15 11:28:27,882 [INFO] from controllers.jpro in application-akka.actor.default-dispatcher-9 - uri           /app/ws/appname1
2022-07-15 11:28:27,900 [ERROR] from com.jpro.internal.server.ViewSerializerActor in JavaFX Application Thread - JavaFXStreamer - got Exception: 
java.lang.ClassNotFoundException: com.heshan.testjpro.HelloApllication
	at java.base/jdk.internal.loader.BuiltinClassLoader.loadClass(BuiltinClassLoader.java:641)
	at java.base/jdk.internal.loader.ClassLoaders$AppClassLoader.loadClass(ClassLoaders.java:188)
	at java.base/java.lang.ClassLoader.loadClass(ClassLoader.java:520)
	at simplefx.util.ReflectionUtil.loadClass(ReflectionUtil.scala:38)
	at simplefx.util.ReflectionUtil.callNew(ReflectionUtil.scala:103)
	at com.jpro.internal.config.ApplicationStarter$.startApplication(ApplicationStarter.scala:108)
	at com.jpro.internal.config.ApplicationStarter$.requestApplication(ApplicationStarter.scala:94)
	at com.jpro.internal.config.ApplicationStarter$.getApplication(ApplicationStarter.scala:60)
	at com.jpro.internal.communicator.ViewImpl.<init>(ViewImpl.scala:30)
	at com.jpro.internal.server.ViewByActor.<init>(ViewSerializerActor.scala:116)
	at com.jpro.internal.server.ViewSerializerActor$$anonfun$receive$2$$anonfun$applyOrElse$1.$anonfun$applyOrElse$2(ViewSerializerActor.scala:70)
	at simplefx.cores.standard.parts.CoreTimeEvent$$anon$3.run(CoreTimeEvent.scala:62)
	at com.sun.javafx.application.PlatformImpl.lambda$runLater$10(PlatformImpl.java:457)
	at java.base/java.security.AccessController.doPrivileged(AccessController.java:399)
	at com.sun.javafx.application.PlatformImpl.lambda$runLater$11(PlatformImpl.java:456)
	at com.sun.glass.ui.monocle.RunnableProcessor.runLoop(RunnableProcessor.java:92)
	at com.sun.glass.ui.monocle.RunnableProcessor.run(RunnableProcessor.java:51)
	at java.base/java.lang.Thread.run(Thread.java:833)
2022-07-15 11:28:32,934 [INFO] from controllers.jpro in application-akka.actor.default-dispatcher-10 - application requested: appname1
2022-07-15 11:28:32,934 [INFO] from controllers.jpro in application-akka.actor.default-dispatcher-10 - Creating Application: appname1
2022-07-15 11:28:32,934 [INFO] from controllers.jpro in application-akka.actor.default-dispatcher-10 - remoteAddress 0:0:0:0:0:0:0:1
2022-07-15 11:28:32,935 [INFO] from controllers.jpro in application-akka.actor.default-dispatcher-10 - host          localhost:8080
2022-07-15 11:28:32,935 [INFO] from controllers.jpro in application-akka.actor.default-dispatcher-10 - uri           /app/ws/appname1
2022-07-15 11:28:32,952 [ERROR] from com.jpro.internal.server.ViewSerializerActor in JavaFX Application Thread - JavaFXStreamer - got Exception: 
java.lang.ClassNotFoundException: com.heshan.testjpro.HelloApllication
	at java.base/jdk.internal.loader.BuiltinClassLoader.loadClass(BuiltinClassLoader.java:641)
	at java.base/jdk.internal.loader.ClassLoaders$AppClassLoader.loadClass(ClassLoaders.java:188)
	at java.base/java.lang.ClassLoader.loadClass(ClassLoader.java:520)
	at simplefx.util.ReflectionUtil.loadClass(ReflectionUtil.scala:38)
	at simplefx.util.ReflectionUtil.callNew(ReflectionUtil.scala:103)
	at com.jpro.internal.config.ApplicationStarter$.startApplication(ApplicationStarter.scala:108)
	at com.jpro.internal.config.ApplicationStarter$.requestApplication(ApplicationStarter.scala:94)
	at com.jpro.internal.config.ApplicationStarter$.getApplication(ApplicationStarter.scala:60)
	at com.jpro.internal.communicator.ViewImpl.<init>(ViewImpl.scala:30)
	at com.jpro.internal.server.ViewByActor.<init>(ViewSerializerActor.scala:116)
	at com.jpro.internal.server.ViewSerializerActor$$anonfun$receive$2$$anonfun$applyOrElse$1.$anonfun$applyOrElse$2(ViewSerializerActor.scala:70)
	at simplefx.cores.standard.parts.CoreTimeEvent$$anon$3.run(CoreTimeEvent.scala:62)
	at com.sun.javafx.application.PlatformImpl.lambda$runLater$10(PlatformImpl.java:457)
	at java.base/java.security.AccessController.doPrivileged(AccessController.java:399)
	at com.sun.javafx.application.PlatformImpl.lambda$runLater$11(PlatformImpl.java:456)
	at com.sun.glass.ui.monocle.RunnableProcessor.runLoop(RunnableProcessor.java:92)
	at com.sun.glass.ui.monocle.RunnableProcessor.run(RunnableProcessor.java:51)
	at java.base/java.lang.Thread.run(Thread.java:833)
2022-07-15 11:28:37,990 [INFO] from controllers.jpro in application-akka.actor.default-dispatcher-9 - application requested: appname1
2022-07-15 11:28:37,991 [INFO] from controllers.jpro in application-akka.actor.default-dispatcher-9 - Creating Application: appname1
2022-07-15 11:28:37,991 [INFO] from controllers.jpro in application-akka.actor.default-dispatcher-9 - remoteAddress 0:0:0:0:0:0:0:1
2022-07-15 11:28:37,991 [INFO] from controllers.jpro in application-akka.actor.default-dispatcher-9 - host          localhost:8080
2022-07-15 11:28:37,991 [INFO] from controllers.jpro in application-akka.actor.default-dispatcher-9 - uri           /app/ws/appname1
2022-07-15 11:28:38,011 [ERROR] from com.jpro.internal.server.ViewSerializerActor in JavaFX Application Thread - JavaFXStreamer - got Exception: 
java.lang.ClassNotFoundException: com.heshan.testjpro.HelloApllication
	at java.base/jdk.internal.loader.BuiltinClassLoader.loadClass(BuiltinClassLoader.java:641)
	at java.base/jdk.internal.loader.ClassLoaders$AppClassLoader.loadClass(ClassLoaders.java:188)
	at java.base/java.lang.ClassLoader.loadClass(ClassLoader.java:520)
	at simplefx.util.ReflectionUtil.loadClass(ReflectionUtil.scala:38)
	at simplefx.util.ReflectionUtil.callNew(ReflectionUtil.scala:103)
	at com.jpro.internal.config.ApplicationStarter$.startApplication(ApplicationStarter.scala:108)
	at com.jpro.internal.config.ApplicationStarter$.requestApplication(ApplicationStarter.scala:94)
	at com.jpro.internal.config.ApplicationStarter$.getApplication(ApplicationStarter.scala:60)
	at com.jpro.internal.communicator.ViewImpl.<init>(ViewImpl.scala:30)
	at com.jpro.internal.server.ViewByActor.<init>(ViewSerializerActor.scala:116)
	at com.jpro.internal.server.ViewSerializerActor$$anonfun$receive$2$$anonfun$applyOrElse$1.$anonfun$applyOrElse$2(ViewSerializerActor.scala:70)
	at simplefx.cores.standard.parts.CoreTimeEvent$$anon$3.run(CoreTimeEvent.scala:62)
	at com.sun.javafx.application.PlatformImpl.lambda$runLater$10(PlatformImpl.java:457)
	at java.base/java.security.AccessController.doPrivileged(AccessController.java:399)
	at com.sun.javafx.application.PlatformImpl.lambda$runLater$11(PlatformImpl.java:456)
	at com.sun.glass.ui.monocle.RunnableProcessor.runLoop(RunnableProcessor.java:92)
	at com.sun.glass.ui.monocle.RunnableProcessor.run(RunnableProcessor.java:51)
	at java.base/java.lang.Thread.run(Thread.java:833)
2022-07-15 11:28:43,057 [INFO] from controllers.jpro in application-akka.actor.default-dispatcher-11 - application requested: appname1
2022-07-15 11:28:43,058 [INFO] from controllers.jpro in application-akka.actor.default-dispatcher-11 - Creating Application: appname1
2022-07-15 11:28:43,058 [INFO] from controllers.jpro in application-akka.actor.default-dispatcher-11 - remoteAddress 0:0:0:0:0:0:0:1
2022-07-15 11:28:43,058 [INFO] from controllers.jpro in application-akka.actor.default-dispatcher-11 - host          localhost:8080
2022-07-15 11:28:43,058 [INFO] from controllers.jpro in application-akka.actor.default-dispatcher-11 - uri           /app/ws/appname1
2022-07-15 11:28:43,071 [ERROR] from com.jpro.internal.server.ViewSerializerActor in JavaFX Application Thread - JavaFXStreamer - got Exception: 
java.lang.ClassNotFoundException: com.heshan.testjpro.HelloApllication
	at java.base/jdk.internal.loader.BuiltinClassLoader.loadClass(BuiltinClassLoader.java:641)
	at java.base/jdk.internal.loader.ClassLoaders$AppClassLoader.loadClass(ClassLoaders.java:188)
	at java.base/java.lang.ClassLoader.loadClass(ClassLoader.java:520)
	at simplefx.util.ReflectionUtil.loadClass(ReflectionUtil.scala:38)
	at simplefx.util.ReflectionUtil.callNew(ReflectionUtil.scala:103)
	at com.jpro.internal.config.ApplicationStarter$.startApplication(ApplicationStarter.scala:108)
	at com.jpro.internal.config.ApplicationStarter$.requestApplication(ApplicationStarter.scala:94)
	at com.jpro.internal.config.ApplicationStarter$.getApplication(ApplicationStarter.scala:60)
	at com.jpro.internal.communicator.ViewImpl.<init>(ViewImpl.scala:30)
	at com.jpro.internal.server.ViewByActor.<init>(ViewSerializerActor.scala:116)
	at com.jpro.internal.server.ViewSerializerActor$$anonfun$receive$2$$anonfun$applyOrElse$1.$anonfun$applyOrElse$2(ViewSerializerActor.scala:70)
	at simplefx.cores.standard.parts.CoreTimeEvent$$anon$3.run(CoreTimeEvent.scala:62)
	at com.sun.javafx.application.PlatformImpl.lambda$runLater$10(PlatformImpl.java:457)
	at java.base/java.security.AccessController.doPrivileged(AccessController.java:399)
	at com.sun.javafx.application.PlatformImpl.lambda$runLater$11(PlatformImpl.java:456)
	at com.sun.glass.ui.monocle.RunnableProcessor.runLoop(RunnableProcessor.java:92)
	at com.sun.glass.ui.monocle.RunnableProcessor.run(RunnableProcessor.java:51)
	at java.base/java.lang.Thread.run(Thread.java:833)
2022-07-15 11:28:48,106 [INFO] from controllers.jpro in application-akka.actor.default-dispatcher-11 - application requested: appname1
2022-07-15 11:28:48,107 [INFO] from controllers.jpro in application-akka.actor.default-dispatcher-11 - Creating Application: appname1
2022-07-15 11:28:48,107 [INFO] from controllers.jpro in application-akka.actor.default-dispatcher-11 - remoteAddress 0:0:0:0:0:0:0:1
2022-07-15 11:28:48,107 [INFO] from controllers.jpro in application-akka.actor.default-dispatcher-11 - host          localhost:8080
2022-07-15 11:28:48,108 [INFO] from controllers.jpro in application-akka.actor.default-dispatcher-11 - uri           /app/ws/appname1
2022-07-15 11:28:48,123 [ERROR] from com.jpro.internal.server.ViewSerializerActor in JavaFX Application Thread - JavaFXStreamer - got Exception: 
java.lang.ClassNotFoundException: com.heshan.testjpro.HelloApllication
	at java.base/jdk.internal.loader.BuiltinClassLoader.loadClass(BuiltinClassLoader.java:641)
	at java.base/jdk.internal.loader.ClassLoaders$AppClassLoader.loadClass(ClassLoaders.java:188)
	at java.base/java.lang.ClassLoader.loadClass(ClassLoader.java:520)
	at simplefx.util.ReflectionUtil.loadClass(ReflectionUtil.scala:38)
	at simplefx.util.ReflectionUtil.callNew(ReflectionUtil.scala:103)
	at com.jpro.internal.config.ApplicationStarter$.startApplication(ApplicationStarter.scala:108)
	at com.jpro.internal.config.ApplicationStarter$.requestApplication(ApplicationStarter.scala:94)
	at com.jpro.internal.config.ApplicationStarter$.getApplication(ApplicationStarter.scala:60)
	at com.jpro.internal.communicator.ViewImpl.<init>(ViewImpl.scala:30)
	at com.jpro.internal.server.ViewByActor.<init>(ViewSerializerActor.scala:116)
	at com.jpro.internal.server.ViewSerializerActor$$anonfun$receive$2$$anonfun$applyOrElse$1.$anonfun$applyOrElse$2(ViewSerializerActor.scala:70)
	at simplefx.cores.standard.parts.CoreTimeEvent$$anon$3.run(CoreTimeEvent.scala:62)
	at com.sun.javafx.application.PlatformImpl.lambda$runLater$10(PlatformImpl.java:457)
	at java.base/java.security.AccessController.doPrivileged(AccessController.java:399)
	at com.sun.javafx.application.PlatformImpl.lambda$runLater$11(PlatformImpl.java:456)
	at com.sun.glass.ui.monocle.RunnableProcessor.runLoop(RunnableProcessor.java:92)
	at com.sun.glass.ui.monocle.RunnableProcessor.run(RunnableProcessor.java:51)
	at java.base/java.lang.Thread.run(Thread.java:833)
2022-07-15 11:28:53,164 [INFO] from controllers.jpro in application-akka.actor.default-dispatcher-10 - application requested: appname1
2022-07-15 11:28:53,165 [INFO] from controllers.jpro in application-akka.actor.default-dispatcher-10 - Creating Application: appname1
2022-07-15 11:28:53,165 [INFO] from controllers.jpro in application-akka.actor.default-dispatcher-10 - remoteAddress 0:0:0:0:0:0:0:1
2022-07-15 11:28:53,165 [INFO] from controllers.jpro in application-akka.actor.default-dispatcher-10 - host          localhost:8080
2022-07-15 11:28:53,165 [INFO] from controllers.jpro in application-akka.actor.default-dispatcher-10 - uri           /app/ws/appname1
2022-07-15 11:28:53,180 [ERROR] from com.jpro.internal.server.ViewSerializerActor in JavaFX Application Thread - JavaFXStreamer - got Exception: 
java.lang.ClassNotFoundException: com.heshan.testjpro.HelloApllication
	at java.base/jdk.internal.loader.BuiltinClassLoader.loadClass(BuiltinClassLoader.java:641)
	at java.base/jdk.internal.loader.ClassLoaders$AppClassLoader.loadClass(ClassLoaders.java:188)
	at java.base/java.lang.ClassLoader.loadClass(ClassLoader.java:520)
	at simplefx.util.ReflectionUtil.loadClass(ReflectionUtil.scala:38)
	at simplefx.util.ReflectionUtil.callNew(ReflectionUtil.scala:103)
	at com.jpro.internal.config.ApplicationStarter$.startApplication(ApplicationStarter.scala:108)
	at com.jpro.internal.config.ApplicationStarter$.requestApplication(ApplicationStarter.scala:94)
	at com.jpro.internal.config.ApplicationStarter$.getApplication(ApplicationStarter.scala:60)
	at com.jpro.internal.communicator.ViewImpl.<init>(ViewImpl.scala:30)
	at com.jpro.internal.server.ViewByActor.<init>(ViewSerializerActor.scala:116)
	at com.jpro.internal.server.ViewSerializerActor$$anonfun$receive$2$$anonfun$applyOrElse$1.$anonfun$applyOrElse$2(ViewSerializerActor.scala:70)
	at simplefx.cores.standard.parts.CoreTimeEvent$$anon$3.run(CoreTimeEvent.scala:62)
	at com.sun.javafx.application.PlatformImpl.lambda$runLater$10(PlatformImpl.java:457)
	at java.base/java.security.AccessController.doPrivileged(AccessController.java:399)
	at com.sun.javafx.application.PlatformImpl.lambda$runLater$11(PlatformImpl.java:456)
	at com.sun.glass.ui.monocle.RunnableProcessor.runLoop(RunnableProcessor.java:92)
	at com.sun.glass.ui.monocle.RunnableProcessor.run(RunnableProcessor.java:51)
	at java.base/java.lang.Thread.run(Thread.java:833)
2022-07-15 11:28:54,426 [INFO] from controllers.jpro in application-akka.actor.default-dispatcher-9 - application requested: appname1
2022-07-15 11:28:54,427 [INFO] from controllers.jpro in application-akka.actor.default-dispatcher-9 - Creating Application: appname1
2022-07-15 11:28:54,427 [INFO] from controllers.jpro in application-akka.actor.default-dispatcher-9 - remoteAddress 0:0:0:0:0:0:0:1
2022-07-15 11:28:54,427 [INFO] from controllers.jpro in application-akka.actor.default-dispatcher-9 - host          localhost:8080
2022-07-15 11:28:54,427 [INFO] from controllers.jpro in application-akka.actor.default-dispatcher-9 - uri           /app/ws/appname1
2022-07-15 11:28:54,480 [ERROR] from com.jpro.internal.server.ViewSerializerActor in JavaFX Application Thread - JavaFXStreamer - got Exception: 
java.lang.ClassNotFoundException: com.heshan.testjpro.HelloApllication
	at java.base/jdk.internal.loader.BuiltinClassLoader.loadClass(BuiltinClassLoader.java:641)
	at java.base/jdk.internal.loader.ClassLoaders$AppClassLoader.loadClass(ClassLoaders.java:188)
	at java.base/java.lang.ClassLoader.loadClass(ClassLoader.java:520)
	at simplefx.util.ReflectionUtil.loadClass(ReflectionUtil.scala:38)
	at simplefx.util.ReflectionUtil.callNew(ReflectionUtil.scala:103)
	at com.jpro.internal.config.ApplicationStarter$.startApplication(ApplicationStarter.scala:108)
	at com.jpro.internal.config.ApplicationStarter$.requestApplication(ApplicationStarter.scala:94)
	at com.jpro.internal.config.ApplicationStarter$.getApplication(ApplicationStarter.scala:60)
	at com.jpro.internal.communicator.ViewImpl.<init>(ViewImpl.scala:30)
	at com.jpro.internal.server.ViewByActor.<init>(ViewSerializerActor.scala:116)
	at com.jpro.internal.server.ViewSerializerActor$$anonfun$receive$2$$anonfun$applyOrElse$1.$anonfun$applyOrElse$2(ViewSerializerActor.scala:70)
	at simplefx.cores.standard.parts.CoreTimeEvent$$anon$3.run(CoreTimeEvent.scala:62)
	at com.sun.javafx.application.PlatformImpl.lambda$runLater$10(PlatformImpl.java:457)
	at java.base/java.security.AccessController.doPrivileged(AccessController.java:399)
	at com.sun.javafx.application.PlatformImpl.lambda$runLater$11(PlatformImpl.java:456)
	at com.sun.glass.ui.monocle.RunnableProcessor.runLoop(RunnableProcessor.java:92)
	at com.sun.glass.ui.monocle.RunnableProcessor.run(RunnableProcessor.java:51)
	at java.base/java.lang.Thread.run(Thread.java:833)
2022-07-15 11:29:00,854 [INFO] from akka.event.slf4j.Slf4jLogger in application-akka.actor.default-dispatcher-5 - Slf4jLogger started
2022-07-15 11:29:02,324 [INFO] from play.api.Play in Thread-0 - Application started (Prod) (no global state)
2022-07-15 11:29:03,573 [INFO] from play.core.server.AkkaHttpServer in Thread-0 - Enabling HTTP/2 on Akka HTTP server...
2022-07-15 11:29:03,575 [INFO] from play.core.server.AkkaHttpServer in Thread-0 - Listening for HTTP on /[0:0:0:0:0:0:0:0]:8080
2022-07-15 11:29:04,100 [INFO] from com.jpro.activity in application-akka.actor.default-dispatcher-11 - Starting the server
2022-07-15 11:29:04,101 [INFO] from com.jpro.internal.server.Initializer$ in application-akka.actor.default-dispatcher-11 -  *** Starting JPro: https://www.jpro.one/ ***
2022-07-15 11:29:04,101 [INFO] from com.jpro.internal.server.Initializer$ in application-akka.actor.default-dispatcher-11 - OS: Windows 10
2022-07-15 11:29:04,121 [INFO] from com.jpro.internal.server.Initializer$ in application-akka.actor.default-dispatcher-11 - JPro: 2022.1.2
2022-07-15 11:29:04,121 [INFO] from com.jpro.internal.server.Initializer$ in application-akka.actor.default-dispatcher-11 - Java version: 17.0.1
2022-07-15 11:29:04,121 [INFO] from com.jpro.internal.server.Initializer$ in application-akka.actor.default-dispatcher-11 - JVM: 17.0.1 Oracle Corporation
2022-07-15 11:29:04,129 [INFO] from com.jpro.internal.server.Initializer$ in application-akka.actor.default-dispatcher-11 - JavaFX jar: file:/C:/Users/hesha/.gradle/caches/modules-2/files-2.1/org.openjfx/javafx-graphics/18.0.1.1-jpro+0/cc710dbad6a612bf9e494d03db4b726035ad47f6/javafx-graphics-18.0.1.1-jpro+0-win.jar
2022-07-15 11:29:04,155 [INFO] from com.jpro.internal.server.Initializer$ in application-akka.actor.default-dispatcher-11 - redirected OUT / ERR
2022-07-15 11:29:04,155 [INFO] from com.jpro.internal.server.Initializer$ in application-akka.actor.default-dispatcher-11 - installed SLF4JBridge
2022-07-15 11:29:04,394 [WARN] from javafx in application-akka.actor.default-dispatcher-11 - Unsupported JavaFX configuration: classes were loaded from 'unnamed module @75267ef9'
2022-07-15 11:29:05,593 [INFO] from com.jpro.internal.server.Initializer$ in JavaFX Application Thread - JavaFX version: 18.0.1.1-jpro+0-2022-05-06-133527
2022-07-15 11:29:05,638 [INFO] from com.jpro.internal.server.Initializer$ in application-akka.actor.default-dispatcher-11 - finished init!
2022-07-15 11:29:05,713 [INFO] from controllers.jpro in application-akka.actor.default-dispatcher-9 - application requested: appname1
2022-07-15 11:29:05,729 [WARN] from controllers.jpro in application-akka.actor.default-dispatcher-9 - The requested application "appname1" does not exist!
2022-07-15 11:29:06,385 [INFO] from controllers.jpro in application-akka.actor.default-dispatcher-9 - application requested: appname1
2022-07-15 11:29:06,385 [WARN] from controllers.jpro in application-akka.actor.default-dispatcher-9 - The requested application "appname1" does not exist!
2022-07-15 11:29:10,614 [INFO] from controllers.jpro in application-akka.actor.default-dispatcher-12 - application requested: appname1
2022-07-15 11:29:10,614 [WARN] from controllers.jpro in application-akka.actor.default-dispatcher-12 - The requested application "appname1" does not exist!
2022-07-15 11:29:11,192 [INFO] from controllers.jpro in application-akka.actor.default-dispatcher-11 - application requested: appname1
2022-07-15 11:29:11,192 [WARN] from controllers.jpro in application-akka.actor.default-dispatcher-11 - The requested application "appname1" does not exist!
2022-07-15 11:29:11,564 [INFO] from controllers.jpro in application-akka.actor.default-dispatcher-13 - application requested: appname1
2022-07-15 11:29:11,564 [WARN] from controllers.jpro in application-akka.actor.default-dispatcher-13 - The requested application "appname1" does not exist!
2022-07-15 11:29:46,479 [INFO] from akka.event.slf4j.Slf4jLogger in application-akka.actor.default-dispatcher-6 - Slf4jLogger started
2022-07-15 11:29:48,052 [INFO] from play.api.Play in Thread-0 - Application started (Prod) (no global state)
2022-07-15 11:29:49,316 [INFO] from play.core.server.AkkaHttpServer in Thread-0 - Enabling HTTP/2 on Akka HTTP server...
2022-07-15 11:29:49,318 [INFO] from play.core.server.AkkaHttpServer in Thread-0 - Listening for HTTP on /[0:0:0:0:0:0:0:0]:8080
2022-07-15 11:29:49,720 [INFO] from com.jpro.activity in application-akka.actor.default-dispatcher-12 - Starting the server
2022-07-15 11:29:49,720 [INFO] from com.jpro.internal.server.Initializer$ in application-akka.actor.default-dispatcher-12 -  *** Starting JPro: https://www.jpro.one/ ***
2022-07-15 11:29:49,721 [INFO] from com.jpro.internal.server.Initializer$ in application-akka.actor.default-dispatcher-12 - OS: Windows 10
2022-07-15 11:29:49,747 [INFO] from com.jpro.internal.server.Initializer$ in application-akka.actor.default-dispatcher-12 - JPro: 2022.1.2
2022-07-15 11:29:49,747 [INFO] from com.jpro.internal.server.Initializer$ in application-akka.actor.default-dispatcher-12 - Java version: 17.0.1
2022-07-15 11:29:49,748 [INFO] from com.jpro.internal.server.Initializer$ in application-akka.actor.default-dispatcher-12 - JVM: 17.0.1 Oracle Corporation
2022-07-15 11:29:49,754 [INFO] from com.jpro.internal.server.Initializer$ in application-akka.actor.default-dispatcher-12 - JavaFX jar: file:/C:/Users/hesha/.gradle/caches/modules-2/files-2.1/org.openjfx/javafx-graphics/18.0.1.1-jpro+0/cc710dbad6a612bf9e494d03db4b726035ad47f6/javafx-graphics-18.0.1.1-jpro+0-win.jar
2022-07-15 11:29:49,782 [INFO] from com.jpro.internal.server.Initializer$ in application-akka.actor.default-dispatcher-12 - redirected OUT / ERR
2022-07-15 11:29:49,782 [INFO] from com.jpro.internal.server.Initializer$ in application-akka.actor.default-dispatcher-12 - installed SLF4JBridge
2022-07-15 11:29:49,982 [WARN] from javafx in application-akka.actor.default-dispatcher-12 - Unsupported JavaFX configuration: classes were loaded from 'unnamed module @1473632c'
2022-07-15 11:29:50,920 [INFO] from com.jpro.internal.server.Initializer$ in JavaFX Application Thread - JavaFX version: 18.0.1.1-jpro+0-2022-05-06-133527
2022-07-15 11:29:50,955 [INFO] from com.jpro.internal.server.Initializer$ in application-akka.actor.default-dispatcher-12 - finished init!
2022-07-15 11:29:51,026 [INFO] from controllers.jpro in application-akka.actor.default-dispatcher-12 - application requested: appname1
2022-07-15 11:29:51,043 [WARN] from controllers.jpro in application-akka.actor.default-dispatcher-12 - The requested application "appname1" does not exist!
2022-07-15 11:29:51,550 [INFO] from controllers.jpro in application-akka.actor.default-dispatcher-13 - application requested: appname1
2022-07-15 11:29:51,550 [WARN] from controllers.jpro in application-akka.actor.default-dispatcher-13 - The requested application "appname1" does not exist!
2022-07-15 11:29:56,871 [INFO] from controllers.jpro in application-akka.actor.default-dispatcher-6 - application requested: appname1
2022-07-15 11:29:56,871 [WARN] from controllers.jpro in application-akka.actor.default-dispatcher-6 - The requested application "appname1" does not exist!
2022-07-15 11:30:01,923 [INFO] from controllers.jpro in application-akka.actor.default-dispatcher-13 - application requested: appname1
2022-07-15 11:30:01,923 [WARN] from controllers.jpro in application-akka.actor.default-dispatcher-13 - The requested application "appname1" does not exist!
2022-07-15 11:30:06,971 [INFO] from controllers.jpro in application-akka.actor.default-dispatcher-6 - application requested: appname1
2022-07-15 11:30:06,971 [WARN] from controllers.jpro in application-akka.actor.default-dispatcher-6 - The requested application "appname1" does not exist!
2022-07-15 11:30:16,144 [INFO] from akka.event.slf4j.Slf4jLogger in application-akka.actor.default-dispatcher-5 - Slf4jLogger started
2022-07-15 11:30:17,612 [INFO] from play.api.Play in Thread-0 - Application started (Prod) (no global state)
2022-07-15 11:30:18,804 [INFO] from play.core.server.AkkaHttpServer in Thread-0 - Enabling HTTP/2 on Akka HTTP server...
2022-07-15 11:30:18,806 [INFO] from play.core.server.AkkaHttpServer in Thread-0 - Listening for HTTP on /[0:0:0:0:0:0:0:0]:8080
2022-07-15 11:30:19,197 [INFO] from com.jpro.activity in application-akka.actor.default-dispatcher-7 - Starting the server
2022-07-15 11:30:19,197 [INFO] from com.jpro.internal.server.Initializer$ in application-akka.actor.default-dispatcher-7 -  *** Starting JPro: https://www.jpro.one/ ***
2022-07-15 11:30:19,197 [INFO] from com.jpro.internal.server.Initializer$ in application-akka.actor.default-dispatcher-7 - OS: Windows 10
2022-07-15 11:30:19,234 [INFO] from com.jpro.internal.server.Initializer$ in application-akka.actor.default-dispatcher-7 - JPro: 2022.1.2
2022-07-15 11:30:19,235 [INFO] from com.jpro.internal.server.Initializer$ in application-akka.actor.default-dispatcher-7 - Java version: 17.0.1
2022-07-15 11:30:19,235 [INFO] from com.jpro.internal.server.Initializer$ in application-akka.actor.default-dispatcher-7 - JVM: 17.0.1 Oracle Corporation
2022-07-15 11:30:19,244 [INFO] from com.jpro.internal.server.Initializer$ in application-akka.actor.default-dispatcher-7 - JavaFX jar: file:/C:/Users/hesha/.gradle/caches/modules-2/files-2.1/org.openjfx/javafx-graphics/18.0.1.1-jpro+0/cc710dbad6a612bf9e494d03db4b726035ad47f6/javafx-graphics-18.0.1.1-jpro+0-win.jar
2022-07-15 11:30:19,275 [INFO] from com.jpro.internal.server.Initializer$ in application-akka.actor.default-dispatcher-7 - redirected OUT / ERR
2022-07-15 11:30:19,275 [INFO] from com.jpro.internal.server.Initializer$ in application-akka.actor.default-dispatcher-7 - installed SLF4JBridge
2022-07-15 11:30:19,461 [WARN] from javafx in application-akka.actor.default-dispatcher-7 - Unsupported JavaFX configuration: classes were loaded from 'unnamed module @337b7fbd'
2022-07-15 11:30:20,432 [INFO] from com.jpro.internal.server.Initializer$ in JavaFX Application Thread - JavaFX version: 18.0.1.1-jpro+0-2022-05-06-133527
2022-07-15 11:30:20,467 [INFO] from com.jpro.internal.server.Initializer$ in application-akka.actor.default-dispatcher-7 - finished init!
2022-07-15 11:30:22,569 [INFO] from controllers.jpro in application-akka.actor.default-dispatcher-8 - application requested: appname1
2022-07-15 11:30:22,576 [WARN] from controllers.jpro in application-akka.actor.default-dispatcher-8 - The requested application "appname1" does not exist!
2022-07-15 11:30:23,649 [INFO] from controllers.jpro in application-akka.actor.default-dispatcher-5 - application requested: appname1
2022-07-15 11:30:23,649 [WARN] from controllers.jpro in application-akka.actor.default-dispatcher-5 - The requested application "appname1" does not exist!
2022-07-15 11:30:24,219 [INFO] from controllers.jpro in application-akka.actor.default-dispatcher-7 - application requested: appname1
2022-07-15 11:30:24,220 [WARN] from controllers.jpro in application-akka.actor.default-dispatcher-7 - The requested application "appname1" does not exist!
2022-07-15 11:31:11,683 [INFO] from controllers.jpro in application-akka.actor.default-dispatcher-10 - application requested: appname1
2022-07-15 11:31:11,684 [WARN] from controllers.jpro in application-akka.actor.default-dispatcher-10 - The requested application "appname1" does not exist!
2022-07-15 11:31:12,644 [INFO] from controllers.jpro in application-akka.actor.default-dispatcher-10 - application requested: appname1
2022-07-15 11:31:12,645 [WARN] from controllers.jpro in application-akka.actor.default-dispatcher-10 - The requested application "appname1" does not exist!
2022-07-15 11:31:13,240 [INFO] from controllers.jpro in application-akka.actor.default-dispatcher-10 - application requested: appname1
2022-07-15 11:31:13,240 [WARN] from controllers.jpro in application-akka.actor.default-dispatcher-10 - The requested application "appname1" does not exist!
2022-07-15 11:31:18,284 [INFO] from controllers.jpro in application-akka.actor.default-dispatcher-10 - application requested: appname1
2022-07-15 11:31:18,284 [WARN] from controllers.jpro in application-akka.actor.default-dispatcher-10 - The requested application "appname1" does not exist!
2022-07-15 11:31:33,174 [INFO] from akka.event.slf4j.Slf4jLogger in application-akka.actor.default-dispatcher-5 - Slf4jLogger started
2022-07-15 11:31:34,632 [INFO] from play.api.Play in Thread-0 - Application started (Prod) (no global state)
2022-07-15 11:31:35,880 [INFO] from play.core.server.AkkaHttpServer in Thread-0 - Enabling HTTP/2 on Akka HTTP server...
2022-07-15 11:31:35,881 [INFO] from play.core.server.AkkaHttpServer in Thread-0 - Listening for HTTP on /[0:0:0:0:0:0:0:0]:8080
2022-07-15 11:31:36,285 [INFO] from com.jpro.activity in application-akka.actor.default-dispatcher-9 - Starting the server
2022-07-15 11:31:36,285 [INFO] from com.jpro.internal.server.Initializer$ in application-akka.actor.default-dispatcher-9 -  *** Starting JPro: https://www.jpro.one/ ***
2022-07-15 11:31:36,286 [INFO] from com.jpro.internal.server.Initializer$ in application-akka.actor.default-dispatcher-9 - OS: Windows 10
2022-07-15 11:31:36,307 [INFO] from com.jpro.internal.server.Initializer$ in application-akka.actor.default-dispatcher-9 - JPro: 2022.1.2
2022-07-15 11:31:36,307 [INFO] from com.jpro.internal.server.Initializer$ in application-akka.actor.default-dispatcher-9 - Java version: 17.0.1
2022-07-15 11:31:36,307 [INFO] from com.jpro.internal.server.Initializer$ in application-akka.actor.default-dispatcher-9 - JVM: 17.0.1 Oracle Corporation
2022-07-15 11:31:36,315 [INFO] from com.jpro.internal.server.Initializer$ in application-akka.actor.default-dispatcher-9 - JavaFX jar: file:/C:/Users/hesha/.gradle/caches/modules-2/files-2.1/org.openjfx/javafx-graphics/18.0.1.1-jpro+0/cc710dbad6a612bf9e494d03db4b726035ad47f6/javafx-graphics-18.0.1.1-jpro+0-win.jar
2022-07-15 11:31:36,349 [INFO] from com.jpro.internal.server.Initializer$ in application-akka.actor.default-dispatcher-9 - redirected OUT / ERR
2022-07-15 11:31:36,349 [INFO] from com.jpro.internal.server.Initializer$ in application-akka.actor.default-dispatcher-9 - installed SLF4JBridge
2022-07-15 11:31:36,524 [WARN] from javafx in application-akka.actor.default-dispatcher-9 - Unsupported JavaFX configuration: classes were loaded from 'unnamed module @49cefbfe'
2022-07-15 11:31:37,450 [INFO] from com.jpro.internal.server.Initializer$ in JavaFX Application Thread - JavaFX version: 18.0.1.1-jpro+0-2022-05-06-133527
2022-07-15 11:31:37,507 [INFO] from com.jpro.internal.server.Initializer$ in application-akka.actor.default-dispatcher-9 - finished init!
2022-07-15 11:31:38,937 [INFO] from controllers.jpro in application-akka.actor.default-dispatcher-10 - application requested: appname1
2022-07-15 11:31:38,953 [INFO] from controllers.jpro in application-akka.actor.default-dispatcher-10 - Creating Application: appname1
2022-07-15 11:31:38,958 [INFO] from controllers.jpro in application-akka.actor.default-dispatcher-10 - remoteAddress 0:0:0:0:0:0:0:1
2022-07-15 11:31:38,961 [INFO] from controllers.jpro in application-akka.actor.default-dispatcher-10 - host          localhost:8080
2022-07-15 11:31:38,961 [INFO] from controllers.jpro in application-akka.actor.default-dispatcher-10 - uri           /app/ws/appname1
2022-07-15 11:31:39,430 [ERROR] from com.jpro.internal.server.ViewSerializerActor in JavaFX Application Thread - JavaFXStreamer - got Exception: 
java.lang.ClassNotFoundException: com.heshan.testjpro
	at java.base/jdk.internal.loader.BuiltinClassLoader.loadClass(BuiltinClassLoader.java:641)
	at java.base/jdk.internal.loader.ClassLoaders$AppClassLoader.loadClass(ClassLoaders.java:188)
	at java.base/java.lang.ClassLoader.loadClass(ClassLoader.java:520)
	at simplefx.util.ReflectionUtil.loadClass(ReflectionUtil.scala:38)
	at simplefx.util.ReflectionUtil.callNew(ReflectionUtil.scala:103)
	at com.jpro.internal.config.ApplicationStarter$.startApplication(ApplicationStarter.scala:108)
	at com.jpro.internal.config.ApplicationStarter$.requestApplication(ApplicationStarter.scala:94)
	at com.jpro.internal.config.ApplicationStarter$.getApplication(ApplicationStarter.scala:60)
	at com.jpro.internal.communicator.ViewImpl.<init>(ViewImpl.scala:30)
	at com.jpro.internal.server.ViewByActor.<init>(ViewSerializerActor.scala:116)
	at com.jpro.internal.server.ViewSerializerActor$$anonfun$receive$2$$anonfun$applyOrElse$1.$anonfun$applyOrElse$2(ViewSerializerActor.scala:70)
	at simplefx.cores.standard.parts.CoreTimeEvent$$anon$3.run(CoreTimeEvent.scala:62)
	at com.sun.javafx.application.PlatformImpl.lambda$runLater$10(PlatformImpl.java:457)
	at java.base/java.security.AccessController.doPrivileged(AccessController.java:399)
	at com.sun.javafx.application.PlatformImpl.lambda$runLater$11(PlatformImpl.java:456)
	at com.sun.glass.ui.monocle.RunnableProcessor.runLoop(RunnableProcessor.java:92)
	at com.sun.glass.ui.monocle.RunnableProcessor.run(RunnableProcessor.java:51)
	at java.base/java.lang.Thread.run(Thread.java:833)
2022-07-15 11:31:39,970 [INFO] from controllers.jpro in application-akka.actor.default-dispatcher-5 - application requested: appname1
2022-07-15 11:31:39,971 [INFO] from controllers.jpro in application-akka.actor.default-dispatcher-5 - Creating Application: appname1
2022-07-15 11:31:39,971 [INFO] from controllers.jpro in application-akka.actor.default-dispatcher-5 - remoteAddress 0:0:0:0:0:0:0:1
2022-07-15 11:31:39,971 [INFO] from controllers.jpro in application-akka.actor.default-dispatcher-5 - host          localhost:8080
2022-07-15 11:31:39,971 [INFO] from controllers.jpro in application-akka.actor.default-dispatcher-5 - uri           /app/ws/appname1
2022-07-15 11:31:39,988 [ERROR] from com.jpro.internal.server.ViewSerializerActor in JavaFX Application Thread - JavaFXStreamer - got Exception: 
java.lang.ClassNotFoundException: com.heshan.testjpro
	at java.base/jdk.internal.loader.BuiltinClassLoader.loadClass(BuiltinClassLoader.java:641)
	at java.base/jdk.internal.loader.ClassLoaders$AppClassLoader.loadClass(ClassLoaders.java:188)
	at java.base/java.lang.ClassLoader.loadClass(ClassLoader.java:520)
	at simplefx.util.ReflectionUtil.loadClass(ReflectionUtil.scala:38)
	at simplefx.util.ReflectionUtil.callNew(ReflectionUtil.scala:103)
	at com.jpro.internal.config.ApplicationStarter$.startApplication(ApplicationStarter.scala:108)
	at com.jpro.internal.config.ApplicationStarter$.requestApplication(ApplicationStarter.scala:94)
	at com.jpro.internal.config.ApplicationStarter$.getApplication(ApplicationStarter.scala:60)
	at com.jpro.internal.communicator.ViewImpl.<init>(ViewImpl.scala:30)
	at com.jpro.internal.server.ViewByActor.<init>(ViewSerializerActor.scala:116)
	at com.jpro.internal.server.ViewSerializerActor$$anonfun$receive$2$$anonfun$applyOrElse$1.$anonfun$applyOrElse$2(ViewSerializerActor.scala:70)
	at simplefx.cores.standard.parts.CoreTimeEvent$$anon$3.run(CoreTimeEvent.scala:62)
	at com.sun.javafx.application.PlatformImpl.lambda$runLater$10(PlatformImpl.java:457)
	at java.base/java.security.AccessController.doPrivileged(AccessController.java:399)
	at com.sun.javafx.application.PlatformImpl.lambda$runLater$11(PlatformImpl.java:456)
	at com.sun.glass.ui.monocle.RunnableProcessor.runLoop(RunnableProcessor.java:92)
	at com.sun.glass.ui.monocle.RunnableProcessor.run(RunnableProcessor.java:51)
	at java.base/java.lang.Thread.run(Thread.java:833)
2022-07-15 11:31:40,693 [INFO] from controllers.jpro in application-akka.actor.default-dispatcher-7 - application requested: appname1
2022-07-15 11:31:40,694 [INFO] from controllers.jpro in application-akka.actor.default-dispatcher-7 - Creating Application: appname1
2022-07-15 11:31:40,694 [INFO] from controllers.jpro in application-akka.actor.default-dispatcher-7 - remoteAddress 0:0:0:0:0:0:0:1
2022-07-15 11:31:40,695 [INFO] from controllers.jpro in application-akka.actor.default-dispatcher-7 - host          localhost:8080
2022-07-15 11:31:40,695 [INFO] from controllers.jpro in application-akka.actor.default-dispatcher-7 - uri           /app/ws/appname1
2022-07-15 11:31:40,713 [ERROR] from com.jpro.internal.server.ViewSerializerActor in JavaFX Application Thread - JavaFXStreamer - got Exception: 
java.lang.ClassNotFoundException: com.heshan.testjpro
	at java.base/jdk.internal.loader.BuiltinClassLoader.loadClass(BuiltinClassLoader.java:641)
	at java.base/jdk.internal.loader.ClassLoaders$AppClassLoader.loadClass(ClassLoaders.java:188)
	at java.base/java.lang.ClassLoader.loadClass(ClassLoader.java:520)
	at simplefx.util.ReflectionUtil.loadClass(ReflectionUtil.scala:38)
	at simplefx.util.ReflectionUtil.callNew(ReflectionUtil.scala:103)
	at com.jpro.internal.config.ApplicationStarter$.startApplication(ApplicationStarter.scala:108)
	at com.jpro.internal.config.ApplicationStarter$.requestApplication(ApplicationStarter.scala:94)
	at com.jpro.internal.config.ApplicationStarter$.getApplication(ApplicationStarter.scala:60)
	at com.jpro.internal.communicator.ViewImpl.<init>(ViewImpl.scala:30)
	at com.jpro.internal.server.ViewByActor.<init>(ViewSerializerActor.scala:116)
	at com.jpro.internal.server.ViewSerializerActor$$anonfun$receive$2$$anonfun$applyOrElse$1.$anonfun$applyOrElse$2(ViewSerializerActor.scala:70)
	at simplefx.cores.standard.parts.CoreTimeEvent$$anon$3.run(CoreTimeEvent.scala:62)
	at com.sun.javafx.application.PlatformImpl.lambda$runLater$10(PlatformImpl.java:457)
	at java.base/java.security.AccessController.doPrivileged(AccessController.java:399)
	at com.sun.javafx.application.PlatformImpl.lambda$runLater$11(PlatformImpl.java:456)
	at com.sun.glass.ui.monocle.RunnableProcessor.runLoop(RunnableProcessor.java:92)
	at com.sun.glass.ui.monocle.RunnableProcessor.run(RunnableProcessor.java:51)
	at java.base/java.lang.Thread.run(Thread.java:833)
2022-07-15 11:31:45,734 [INFO] from controllers.jpro in application-akka.actor.default-dispatcher-10 - application requested: appname1
2022-07-15 11:31:45,735 [INFO] from controllers.jpro in application-akka.actor.default-dispatcher-10 - Creating Application: appname1
2022-07-15 11:31:45,735 [INFO] from controllers.jpro in application-akka.actor.default-dispatcher-10 - remoteAddress 0:0:0:0:0:0:0:1
2022-07-15 11:31:45,735 [INFO] from controllers.jpro in application-akka.actor.default-dispatcher-10 - host          localhost:8080
2022-07-15 11:31:45,735 [INFO] from controllers.jpro in application-akka.actor.default-dispatcher-10 - uri           /app/ws/appname1
2022-07-15 11:31:45,753 [ERROR] from com.jpro.internal.server.ViewSerializerActor in JavaFX Application Thread - JavaFXStreamer - got Exception: 
java.lang.ClassNotFoundException: com.heshan.testjpro
	at java.base/jdk.internal.loader.BuiltinClassLoader.loadClass(BuiltinClassLoader.java:641)
	at java.base/jdk.internal.loader.ClassLoaders$AppClassLoader.loadClass(ClassLoaders.java:188)
	at java.base/java.lang.ClassLoader.loadClass(ClassLoader.java:520)
	at simplefx.util.ReflectionUtil.loadClass(ReflectionUtil.scala:38)
	at simplefx.util.ReflectionUtil.callNew(ReflectionUtil.scala:103)
	at com.jpro.internal.config.ApplicationStarter$.startApplication(ApplicationStarter.scala:108)
	at com.jpro.internal.config.ApplicationStarter$.requestApplication(ApplicationStarter.scala:94)
	at com.jpro.internal.config.ApplicationStarter$.getApplication(ApplicationStarter.scala:60)
	at com.jpro.internal.communicator.ViewImpl.<init>(ViewImpl.scala:30)
	at com.jpro.internal.server.ViewByActor.<init>(ViewSerializerActor.scala:116)
	at com.jpro.internal.server.ViewSerializerActor$$anonfun$receive$2$$anonfun$applyOrElse$1.$anonfun$applyOrElse$2(ViewSerializerActor.scala:70)
	at simplefx.cores.standard.parts.CoreTimeEvent$$anon$3.run(CoreTimeEvent.scala:62)
	at com.sun.javafx.application.PlatformImpl.lambda$runLater$10(PlatformImpl.java:457)
	at java.base/java.security.AccessController.doPrivileged(AccessController.java:399)
	at com.sun.javafx.application.PlatformImpl.lambda$runLater$11(PlatformImpl.java:456)
	at com.sun.glass.ui.monocle.RunnableProcessor.runLoop(RunnableProcessor.java:92)
	at com.sun.glass.ui.monocle.RunnableProcessor.run(RunnableProcessor.java:51)
	at java.base/java.lang.Thread.run(Thread.java:833)
2022-07-15 11:31:47,131 [INFO] from controllers.jpro in application-akka.actor.default-dispatcher-11 - application requested: appname1
2022-07-15 11:31:47,132 [INFO] from controllers.jpro in application-akka.actor.default-dispatcher-11 - Creating Application: appname1
2022-07-15 11:31:47,132 [INFO] from controllers.jpro in application-akka.actor.default-dispatcher-11 - remoteAddress 0:0:0:0:0:0:0:1
2022-07-15 11:31:47,133 [INFO] from controllers.jpro in application-akka.actor.default-dispatcher-11 - host          localhost:8080
2022-07-15 11:31:47,133 [INFO] from controllers.jpro in application-akka.actor.default-dispatcher-11 - uri           /app/ws/appname1
2022-07-15 11:31:47,157 [ERROR] from com.jpro.internal.server.ViewSerializerActor in JavaFX Application Thread - JavaFXStreamer - got Exception: 
java.lang.ClassNotFoundException: com.heshan.testjpro
	at java.base/jdk.internal.loader.BuiltinClassLoader.loadClass(BuiltinClassLoader.java:641)
	at java.base/jdk.internal.loader.ClassLoaders$AppClassLoader.loadClass(ClassLoaders.java:188)
	at java.base/java.lang.ClassLoader.loadClass(ClassLoader.java:520)
	at simplefx.util.ReflectionUtil.loadClass(ReflectionUtil.scala:38)
	at simplefx.util.ReflectionUtil.callNew(ReflectionUtil.scala:103)
	at com.jpro.internal.config.ApplicationStarter$.startApplication(ApplicationStarter.scala:108)
	at com.jpro.internal.config.ApplicationStarter$.requestApplication(ApplicationStarter.scala:94)
	at com.jpro.internal.config.ApplicationStarter$.getApplication(ApplicationStarter.scala:60)
	at com.jpro.internal.communicator.ViewImpl.<init>(ViewImpl.scala:30)
	at com.jpro.internal.server.ViewByActor.<init>(ViewSerializerActor.scala:116)
	at com.jpro.internal.server.ViewSerializerActor$$anonfun$receive$2$$anonfun$applyOrElse$1.$anonfun$applyOrElse$2(ViewSerializerActor.scala:70)
	at simplefx.cores.standard.parts.CoreTimeEvent$$anon$3.run(CoreTimeEvent.scala:62)
	at com.sun.javafx.application.PlatformImpl.lambda$runLater$10(PlatformImpl.java:457)
	at java.base/java.security.AccessController.doPrivileged(AccessController.java:399)
	at com.sun.javafx.application.PlatformImpl.lambda$runLater$11(PlatformImpl.java:456)
	at com.sun.glass.ui.monocle.RunnableProcessor.runLoop(RunnableProcessor.java:92)
	at com.sun.glass.ui.monocle.RunnableProcessor.run(RunnableProcessor.java:51)
	at java.base/java.lang.Thread.run(Thread.java:833)
2022-07-15 11:32:52,301 [INFO] from controllers.jpro in application-akka.actor.default-dispatcher-10 - application requested: appname1
2022-07-15 11:32:52,302 [INFO] from controllers.jpro in application-akka.actor.default-dispatcher-10 - Creating Application: appname1
2022-07-15 11:32:52,302 [INFO] from controllers.jpro in application-akka.actor.default-dispatcher-10 - remoteAddress 0:0:0:0:0:0:0:1
2022-07-15 11:32:52,303 [INFO] from controllers.jpro in application-akka.actor.default-dispatcher-10 - host          localhost:8080
2022-07-15 11:32:52,303 [INFO] from controllers.jpro in application-akka.actor.default-dispatcher-10 - uri           /app/ws/appname1
2022-07-15 11:32:52,326 [ERROR] from com.jpro.internal.server.ViewSerializerActor in JavaFX Application Thread - JavaFXStreamer - got Exception: 
java.lang.ClassNotFoundException: com.heshan.testjpro
	at java.base/jdk.internal.loader.BuiltinClassLoader.loadClass(BuiltinClassLoader.java:641)
	at java.base/jdk.internal.loader.ClassLoaders$AppClassLoader.loadClass(ClassLoaders.java:188)
	at java.base/java.lang.ClassLoader.loadClass(ClassLoader.java:520)
	at simplefx.util.ReflectionUtil.loadClass(ReflectionUtil.scala:38)
	at simplefx.util.ReflectionUtil.callNew(ReflectionUtil.scala:103)
	at com.jpro.internal.config.ApplicationStarter$.startApplication(ApplicationStarter.scala:108)
	at com.jpro.internal.config.ApplicationStarter$.requestApplication(ApplicationStarter.scala:94)
	at com.jpro.internal.config.ApplicationStarter$.getApplication(ApplicationStarter.scala:60)
	at com.jpro.internal.communicator.ViewImpl.<init>(ViewImpl.scala:30)
	at com.jpro.internal.server.ViewByActor.<init>(ViewSerializerActor.scala:116)
	at com.jpro.internal.server.ViewSerializerActor$$anonfun$receive$2$$anonfun$applyOrElse$1.$anonfun$applyOrElse$2(ViewSerializerActor.scala:70)
	at simplefx.cores.standard.parts.CoreTimeEvent$$anon$3.run(CoreTimeEvent.scala:62)
	at com.sun.javafx.application.PlatformImpl.lambda$runLater$10(PlatformImpl.java:457)
	at java.base/java.security.AccessController.doPrivileged(AccessController.java:399)
	at com.sun.javafx.application.PlatformImpl.lambda$runLater$11(PlatformImpl.java:456)
	at com.sun.glass.ui.monocle.RunnableProcessor.runLoop(RunnableProcessor.java:92)
	at com.sun.glass.ui.monocle.RunnableProcessor.run(RunnableProcessor.java:51)
	at java.base/java.lang.Thread.run(Thread.java:833)
2022-07-15 11:32:53,833 [INFO] from controllers.jpro in application-akka.actor.default-dispatcher-5 - application requested: appname1
2022-07-15 11:32:53,833 [INFO] from controllers.jpro in application-akka.actor.default-dispatcher-5 - Creating Application: appname1
2022-07-15 11:32:53,833 [INFO] from controllers.jpro in application-akka.actor.default-dispatcher-5 - remoteAddress 0:0:0:0:0:0:0:1
2022-07-15 11:32:53,834 [INFO] from controllers.jpro in application-akka.actor.default-dispatcher-5 - host          localhost:8080
2022-07-15 11:32:53,834 [INFO] from controllers.jpro in application-akka.actor.default-dispatcher-5 - uri           /app/ws/appname1
2022-07-15 11:32:53,851 [ERROR] from com.jpro.internal.server.ViewSerializerActor in JavaFX Application Thread - JavaFXStreamer - got Exception: 
java.lang.ClassNotFoundException: com.heshan.testjpro
	at java.base/jdk.internal.loader.BuiltinClassLoader.loadClass(BuiltinClassLoader.java:641)
	at java.base/jdk.internal.loader.ClassLoaders$AppClassLoader.loadClass(ClassLoaders.java:188)
	at java.base/java.lang.ClassLoader.loadClass(ClassLoader.java:520)
	at simplefx.util.ReflectionUtil.loadClass(ReflectionUtil.scala:38)
	at simplefx.util.ReflectionUtil.callNew(ReflectionUtil.scala:103)
	at com.jpro.internal.config.ApplicationStarter$.startApplication(ApplicationStarter.scala:108)
	at com.jpro.internal.config.ApplicationStarter$.requestApplication(ApplicationStarter.scala:94)
	at com.jpro.internal.config.ApplicationStarter$.getApplication(ApplicationStarter.scala:60)
	at com.jpro.internal.communicator.ViewImpl.<init>(ViewImpl.scala:30)
	at com.jpro.internal.server.ViewByActor.<init>(ViewSerializerActor.scala:116)
	at com.jpro.internal.server.ViewSerializerActor$$anonfun$receive$2$$anonfun$applyOrElse$1.$anonfun$applyOrElse$2(ViewSerializerActor.scala:70)
	at simplefx.cores.standard.parts.CoreTimeEvent$$anon$3.run(CoreTimeEvent.scala:62)
	at com.sun.javafx.application.PlatformImpl.lambda$runLater$10(PlatformImpl.java:457)
	at java.base/java.security.AccessController.doPrivileged(AccessController.java:399)
	at com.sun.javafx.application.PlatformImpl.lambda$runLater$11(PlatformImpl.java:456)
	at com.sun.glass.ui.monocle.RunnableProcessor.runLoop(RunnableProcessor.java:92)
	at com.sun.glass.ui.monocle.RunnableProcessor.run(RunnableProcessor.java:51)
	at java.base/java.lang.Thread.run(Thread.java:833)
2022-07-15 11:32:54,719 [INFO] from controllers.jpro in application-akka.actor.default-dispatcher-5 - application requested: appname1
2022-07-15 11:32:54,720 [INFO] from controllers.jpro in application-akka.actor.default-dispatcher-5 - Creating Application: appname1
2022-07-15 11:32:54,720 [INFO] from controllers.jpro in application-akka.actor.default-dispatcher-5 - remoteAddress 0:0:0:0:0:0:0:1
2022-07-15 11:32:54,720 [INFO] from controllers.jpro in application-akka.actor.default-dispatcher-5 - host          localhost:8080
2022-07-15 11:32:54,720 [INFO] from controllers.jpro in application-akka.actor.default-dispatcher-5 - uri           /app/ws/appname1
2022-07-15 11:32:54,737 [ERROR] from com.jpro.internal.server.ViewSerializerActor in JavaFX Application Thread - JavaFXStreamer - got Exception: 
java.lang.ClassNotFoundException: com.heshan.testjpro
	at java.base/jdk.internal.loader.BuiltinClassLoader.loadClass(BuiltinClassLoader.java:641)
	at java.base/jdk.internal.loader.ClassLoaders$AppClassLoader.loadClass(ClassLoaders.java:188)
	at java.base/java.lang.ClassLoader.loadClass(ClassLoader.java:520)
	at simplefx.util.ReflectionUtil.loadClass(ReflectionUtil.scala:38)
	at simplefx.util.ReflectionUtil.callNew(ReflectionUtil.scala:103)
	at com.jpro.internal.config.ApplicationStarter$.startApplication(ApplicationStarter.scala:108)
	at com.jpro.internal.config.ApplicationStarter$.requestApplication(ApplicationStarter.scala:94)
	at com.jpro.internal.config.ApplicationStarter$.getApplication(ApplicationStarter.scala:60)
	at com.jpro.internal.communicator.ViewImpl.<init>(ViewImpl.scala:30)
	at com.jpro.internal.server.ViewByActor.<init>(ViewSerializerActor.scala:116)
	at com.jpro.internal.server.ViewSerializerActor$$anonfun$receive$2$$anonfun$applyOrElse$1.$anonfun$applyOrElse$2(ViewSerializerActor.scala:70)
	at simplefx.cores.standard.parts.CoreTimeEvent$$anon$3.run(CoreTimeEvent.scala:62)
	at com.sun.javafx.application.PlatformImpl.lambda$runLater$10(PlatformImpl.java:457)
	at java.base/java.security.AccessController.doPrivileged(AccessController.java:399)
	at com.sun.javafx.application.PlatformImpl.lambda$runLater$11(PlatformImpl.java:456)
	at com.sun.glass.ui.monocle.RunnableProcessor.runLoop(RunnableProcessor.java:92)
	at com.sun.glass.ui.monocle.RunnableProcessor.run(RunnableProcessor.java:51)
	at java.base/java.lang.Thread.run(Thread.java:833)
2022-07-15 11:32:55,450 [INFO] from controllers.jpro in application-akka.actor.default-dispatcher-9 - application requested: appname1
2022-07-15 11:32:55,451 [INFO] from controllers.jpro in application-akka.actor.default-dispatcher-9 - Creating Application: appname1
2022-07-15 11:32:55,451 [INFO] from controllers.jpro in application-akka.actor.default-dispatcher-9 - remoteAddress 0:0:0:0:0:0:0:1
2022-07-15 11:32:55,451 [INFO] from controllers.jpro in application-akka.actor.default-dispatcher-9 - host          localhost:8080
2022-07-15 11:32:55,451 [INFO] from controllers.jpro in application-akka.actor.default-dispatcher-9 - uri           /app/ws/appname1
2022-07-15 11:32:55,470 [ERROR] from com.jpro.internal.server.ViewSerializerActor in JavaFX Application Thread - JavaFXStreamer - got Exception: 
java.lang.ClassNotFoundException: com.heshan.testjpro
	at java.base/jdk.internal.loader.BuiltinClassLoader.loadClass(BuiltinClassLoader.java:641)
	at java.base/jdk.internal.loader.ClassLoaders$AppClassLoader.loadClass(ClassLoaders.java:188)
	at java.base/java.lang.ClassLoader.loadClass(ClassLoader.java:520)
	at simplefx.util.ReflectionUtil.loadClass(ReflectionUtil.scala:38)
	at simplefx.util.ReflectionUtil.callNew(ReflectionUtil.scala:103)
	at com.jpro.internal.config.ApplicationStarter$.startApplication(ApplicationStarter.scala:108)
	at com.jpro.internal.config.ApplicationStarter$.requestApplication(ApplicationStarter.scala:94)
	at com.jpro.internal.config.ApplicationStarter$.getApplication(ApplicationStarter.scala:60)
	at com.jpro.internal.communicator.ViewImpl.<init>(ViewImpl.scala:30)
	at com.jpro.internal.server.ViewByActor.<init>(ViewSerializerActor.scala:116)
	at com.jpro.internal.server.ViewSerializerActor$$anonfun$receive$2$$anonfun$applyOrElse$1.$anonfun$applyOrElse$2(ViewSerializerActor.scala:70)
	at simplefx.cores.standard.parts.CoreTimeEvent$$anon$3.run(CoreTimeEvent.scala:62)
	at com.sun.javafx.application.PlatformImpl.lambda$runLater$10(PlatformImpl.java:457)
	at java.base/java.security.AccessController.doPrivileged(AccessController.java:399)
	at com.sun.javafx.application.PlatformImpl.lambda$runLater$11(PlatformImpl.java:456)
	at com.sun.glass.ui.monocle.RunnableProcessor.runLoop(RunnableProcessor.java:92)
	at com.sun.glass.ui.monocle.RunnableProcessor.run(RunnableProcessor.java:51)
	at java.base/java.lang.Thread.run(Thread.java:833)
2022-07-15 11:33:09,566 [INFO] from akka.event.slf4j.Slf4jLogger in application-akka.actor.default-dispatcher-5 - Slf4jLogger started
2022-07-15 11:33:10,958 [INFO] from play.api.Play in Thread-0 - Application started (Prod) (no global state)
2022-07-15 11:33:12,084 [INFO] from play.core.server.AkkaHttpServer in Thread-0 - Enabling HTTP/2 on Akka HTTP server...
2022-07-15 11:33:12,086 [INFO] from play.core.server.AkkaHttpServer in Thread-0 - Listening for HTTP on /[0:0:0:0:0:0:0:0]:8080
2022-07-15 11:33:12,475 [INFO] from com.jpro.activity in application-akka.actor.default-dispatcher-8 - Starting the server
2022-07-15 11:33:12,476 [INFO] from com.jpro.internal.server.Initializer$ in application-akka.actor.default-dispatcher-8 -  *** Starting JPro: https://www.jpro.one/ ***
2022-07-15 11:33:12,476 [INFO] from com.jpro.internal.server.Initializer$ in application-akka.actor.default-dispatcher-8 - OS: Windows 10
2022-07-15 11:33:12,496 [INFO] from com.jpro.internal.server.Initializer$ in application-akka.actor.default-dispatcher-8 - JPro: 2022.1.2
2022-07-15 11:33:12,496 [INFO] from com.jpro.internal.server.Initializer$ in application-akka.actor.default-dispatcher-8 - Java version: 17.0.1
2022-07-15 11:33:12,497 [INFO] from com.jpro.internal.server.Initializer$ in application-akka.actor.default-dispatcher-8 - JVM: 17.0.1 Oracle Corporation
2022-07-15 11:33:12,509 [INFO] from com.jpro.internal.server.Initializer$ in application-akka.actor.default-dispatcher-8 - JavaFX jar: file:/C:/Users/hesha/.gradle/caches/modules-2/files-2.1/org.openjfx/javafx-graphics/18.0.1.1-jpro+0/cc710dbad6a612bf9e494d03db4b726035ad47f6/javafx-graphics-18.0.1.1-jpro+0-win.jar
2022-07-15 11:33:12,543 [INFO] from com.jpro.internal.server.Initializer$ in application-akka.actor.default-dispatcher-8 - redirected OUT / ERR
2022-07-15 11:33:12,543 [INFO] from com.jpro.internal.server.Initializer$ in application-akka.actor.default-dispatcher-8 - installed SLF4JBridge
2022-07-15 11:33:12,716 [WARN] from javafx in application-akka.actor.default-dispatcher-8 - Unsupported JavaFX configuration: classes were loaded from 'unnamed module @6247ba72'
2022-07-15 11:33:13,628 [INFO] from com.jpro.internal.server.Initializer$ in JavaFX Application Thread - JavaFX version: 18.0.1.1-jpro+0-2022-05-06-133527
2022-07-15 11:33:13,669 [INFO] from com.jpro.internal.server.Initializer$ in application-akka.actor.default-dispatcher-8 - finished init!
2022-07-15 11:33:15,554 [INFO] from controllers.jpro in application-akka.actor.default-dispatcher-5 - application requested: default
2022-07-15 11:33:15,570 [INFO] from controllers.jpro in application-akka.actor.default-dispatcher-5 - Creating Application: default
2022-07-15 11:33:15,576 [INFO] from controllers.jpro in application-akka.actor.default-dispatcher-5 - remoteAddress 0:0:0:0:0:0:0:1
2022-07-15 11:33:15,579 [INFO] from controllers.jpro in application-akka.actor.default-dispatcher-5 - host          localhost:8080
2022-07-15 11:33:15,579 [INFO] from controllers.jpro in application-akka.actor.default-dispatcher-5 - uri           /app/ws/default
2022-07-15 11:33:17,700 [INFO] from com.jpro.JS in JavaFX Application Thread - received msg: new MainID: 370 userid: 598304265
2022-07-15 11:34:13,241 [INFO] from akka.event.slf4j.Slf4jLogger in application-akka.actor.default-dispatcher-4 - Slf4jLogger started
2022-07-15 11:34:14,845 [INFO] from play.api.Play in Thread-0 - Application started (Prod) (no global state)
2022-07-15 11:34:16,100 [INFO] from play.core.server.AkkaHttpServer in Thread-0 - Enabling HTTP/2 on Akka HTTP server...
2022-07-15 11:34:16,103 [INFO] from play.core.server.AkkaHttpServer in Thread-0 - Listening for HTTP on /[0:0:0:0:0:0:0:0]:8080
2022-07-15 11:34:16,526 [INFO] from com.jpro.activity in application-akka.actor.default-dispatcher-9 - Starting the server
2022-07-15 11:34:16,527 [INFO] from com.jpro.internal.server.Initializer$ in application-akka.actor.default-dispatcher-9 -  *** Starting JPro: https://www.jpro.one/ ***
2022-07-15 11:34:16,527 [INFO] from com.jpro.internal.server.Initializer$ in application-akka.actor.default-dispatcher-9 - OS: Windows 10
2022-07-15 11:34:16,546 [INFO] from com.jpro.internal.server.Initializer$ in application-akka.actor.default-dispatcher-9 - JPro: 2022.1.2
2022-07-15 11:34:16,546 [INFO] from com.jpro.internal.server.Initializer$ in application-akka.actor.default-dispatcher-9 - Java version: 17.0.1
2022-07-15 11:34:16,546 [INFO] from com.jpro.internal.server.Initializer$ in application-akka.actor.default-dispatcher-9 - JVM: 17.0.1 Oracle Corporation
2022-07-15 11:34:16,561 [INFO] from com.jpro.internal.server.Initializer$ in application-akka.actor.default-dispatcher-9 - JavaFX jar: file:/C:/Users/hesha/.gradle/caches/modules-2/files-2.1/org.openjfx/javafx-graphics/18.0.1.1-jpro+0/cc710dbad6a612bf9e494d03db4b726035ad47f6/javafx-graphics-18.0.1.1-jpro+0-win.jar
2022-07-15 11:34:16,590 [INFO] from com.jpro.internal.server.Initializer$ in application-akka.actor.default-dispatcher-9 - redirected OUT / ERR
2022-07-15 11:34:16,590 [INFO] from com.jpro.internal.server.Initializer$ in application-akka.actor.default-dispatcher-9 - installed SLF4JBridge
2022-07-15 11:34:16,783 [WARN] from javafx in application-akka.actor.default-dispatcher-9 - Unsupported JavaFX configuration: classes were loaded from 'unnamed module @3d97144'
2022-07-15 11:34:17,728 [INFO] from com.jpro.internal.server.Initializer$ in JavaFX Application Thread - JavaFX version: 18.0.1.1-jpro+0-2022-05-06-133527
2022-07-15 11:34:17,779 [INFO] from com.jpro.internal.server.Initializer$ in application-akka.actor.default-dispatcher-9 - finished init!
2022-07-15 11:34:18,548 [INFO] from controllers.jpro in application-akka.actor.default-dispatcher-10 - application requested: default
2022-07-15 11:34:18,565 [INFO] from controllers.jpro in application-akka.actor.default-dispatcher-10 - Creating Application: default
2022-07-15 11:34:18,570 [INFO] from controllers.jpro in application-akka.actor.default-dispatcher-10 - remoteAddress 0:0:0:0:0:0:0:1
2022-07-15 11:34:18,574 [INFO] from controllers.jpro in application-akka.actor.default-dispatcher-10 - host          localhost:8080
2022-07-15 11:34:18,574 [INFO] from controllers.jpro in application-akka.actor.default-dispatcher-10 - uri           /app/ws/default
2022-07-15 11:34:20,317 [WARN] from com.jpro.internal.server.ViewSerializerActor in application-akka.actor.default-dispatcher-7 - Unexpected message form client, closing session.
2022-07-15 11:34:20,396 [INFO] from controllers.jpro in application-akka.actor.default-dispatcher-7 - application requested: default
2022-07-15 11:34:20,396 [INFO] from controllers.jpro in application-akka.actor.default-dispatcher-7 - Creating Application: default
2022-07-15 11:34:20,397 [INFO] from controllers.jpro in application-akka.actor.default-dispatcher-7 - remoteAddress 0:0:0:0:0:0:0:1
2022-07-15 11:34:20,397 [INFO] from controllers.jpro in application-akka.actor.default-dispatcher-7 - host          localhost:8080
2022-07-15 11:34:20,397 [INFO] from controllers.jpro in application-akka.actor.default-dispatcher-7 - uri           /app/ws/default
2022-07-15 11:34:20,447 [INFO] from com.jpro.internal.stats.ViewInfo$ in JavaFX Application Thread - 
2022-07-15 11:34:20,447 [INFO] from com.jpro.internal.stats.ViewInfo$ in JavaFX Application Thread - Application closed:
2022-07-15 11:34:20,466 [INFO] from com.jpro.internal.stats.ViewInfo$ in JavaFX Application Thread - startTime      : Fri Jul 15 11:34:18 IST 2022      
2022-07-15 11:34:20,469 [INFO] from com.jpro.internal.stats.ViewInfo$ in JavaFX Application Thread - averageLatency : 00:00:00.000 
2022-07-15 11:34:20,471 [INFO] from com.jpro.internal.stats.ViewInfo$ in JavaFX Application Thread - averageJitter  : 00:00:00.000  
2022-07-15 11:34:20,473 [INFO] from com.jpro.internal.stats.ViewInfo$ in JavaFX Application Thread - framerateServer: 00:00:00.000
2022-07-15 11:34:20,475 [INFO] from com.jpro.internal.stats.ViewInfo$ in JavaFX Application Thread - framerateClient: 00:00:00.000
2022-07-15 11:34:20,477 [INFO] from com.jpro.internal.stats.ViewInfo$ in JavaFX Application Thread - raw            : 0
2022-07-15 11:34:20,477 [INFO] from com.jpro.internal.stats.ViewInfo$ in JavaFX Application Thread - zipped         : 0
2022-07-15 11:34:20,477 [INFO] from com.jpro.internal.stats.ViewInfo$ in JavaFX Application Thread - 
2022-07-15 11:34:20,687 [INFO] from com.jpro.JS in JavaFX Application Thread - received msg: new MainID: 370 userid: 2073597482
2022-07-15 11:34:21,042 [WARN] from com.jpro.internal.server.ViewSerializerActor in application-akka.actor.default-dispatcher-10 - Unexpected message form client, closing session.
2022-07-15 11:34:21,045 [INFO] from com.jpro.internal.stats.ViewInfo$ in JavaFX Application Thread - 
2022-07-15 11:34:21,045 [INFO] from com.jpro.internal.stats.ViewInfo$ in JavaFX Application Thread - Application closed:
2022-07-15 11:34:21,045 [INFO] from com.jpro.internal.stats.ViewInfo$ in JavaFX Application Thread - startTime      : Fri Jul 15 11:34:21 IST 2022      
2022-07-15 11:34:21,045 [INFO] from com.jpro.internal.stats.ViewInfo$ in JavaFX Application Thread - averageLatency : 00:00:00.000 
2022-07-15 11:34:21,045 [INFO] from com.jpro.internal.stats.ViewInfo$ in JavaFX Application Thread - averageJitter  : 00:00:00.000  
2022-07-15 11:34:21,045 [INFO] from com.jpro.internal.stats.ViewInfo$ in JavaFX Application Thread - framerateServer: 00:00:00.000
2022-07-15 11:34:21,045 [INFO] from com.jpro.internal.stats.ViewInfo$ in JavaFX Application Thread - framerateClient: 00:00:00.000
2022-07-15 11:34:21,046 [INFO] from com.jpro.internal.stats.ViewInfo$ in JavaFX Application Thread - raw            : 16164
2022-07-15 11:34:21,046 [INFO] from com.jpro.internal.stats.ViewInfo$ in JavaFX Application Thread - zipped         : 3106
2022-07-15 11:34:21,046 [INFO] from com.jpro.internal.stats.ViewInfo$ in JavaFX Application Thread - 
2022-07-15 11:34:21,094 [INFO] from controllers.jpro in application-akka.actor.default-dispatcher-4 - application requested: default
2022-07-15 11:34:21,095 [INFO] from controllers.jpro in application-akka.actor.default-dispatcher-4 - Creating Application: default
2022-07-15 11:34:21,095 [INFO] from controllers.jpro in application-akka.actor.default-dispatcher-4 - remoteAddress 0:0:0:0:0:0:0:1
2022-07-15 11:34:21,095 [INFO] from controllers.jpro in application-akka.actor.default-dispatcher-4 - host          localhost:8080
2022-07-15 11:34:21,095 [INFO] from controllers.jpro in application-akka.actor.default-dispatcher-4 - uri           /app/ws/default
2022-07-15 11:34:21,193 [INFO] from com.jpro.JS in JavaFX Application Thread - received msg: new MainID: 370 userid: 1388758012
2022-07-15 11:34:21,783 [WARN] from com.jpro.internal.server.ViewSerializerActor in application-akka.actor.default-dispatcher-4 - Unexpected message form client, closing session.
2022-07-15 11:34:21,788 [INFO] from com.jpro.internal.stats.ViewInfo$ in JavaFX Application Thread - 
2022-07-15 11:34:21,788 [INFO] from com.jpro.internal.stats.ViewInfo$ in JavaFX Application Thread - Application closed:
2022-07-15 11:34:21,788 [INFO] from com.jpro.internal.stats.ViewInfo$ in JavaFX Application Thread - startTime      : Fri Jul 15 11:34:21 IST 2022      
2022-07-15 11:34:21,789 [INFO] from com.jpro.internal.stats.ViewInfo$ in JavaFX Application Thread - averageLatency : 00:00:00.000 
2022-07-15 11:34:21,789 [INFO] from com.jpro.internal.stats.ViewInfo$ in JavaFX Application Thread - averageJitter  : 00:00:00.000  
2022-07-15 11:34:21,789 [INFO] from com.jpro.internal.stats.ViewInfo$ in JavaFX Application Thread - framerateServer: 00:00:00.000
2022-07-15 11:34:21,789 [INFO] from com.jpro.internal.stats.ViewInfo$ in JavaFX Application Thread - framerateClient: 00:00:00.000
2022-07-15 11:34:21,789 [INFO] from com.jpro.internal.stats.ViewInfo$ in JavaFX Application Thread - raw            : 16164
2022-07-15 11:34:21,789 [INFO] from com.jpro.internal.stats.ViewInfo$ in JavaFX Application Thread - zipped         : 3113
2022-07-15 11:34:21,789 [INFO] from com.jpro.internal.stats.ViewInfo$ in JavaFX Application Thread - 
2022-07-15 11:34:21,838 [INFO] from controllers.jpro in application-akka.actor.default-dispatcher-4 - application requested: default
2022-07-15 11:34:21,839 [INFO] from controllers.jpro in application-akka.actor.default-dispatcher-4 - Creating Application: default
2022-07-15 11:34:21,839 [INFO] from controllers.jpro in application-akka.actor.default-dispatcher-4 - remoteAddress 0:0:0:0:0:0:0:1
2022-07-15 11:34:21,839 [INFO] from controllers.jpro in application-akka.actor.default-dispatcher-4 - host          localhost:8080
2022-07-15 11:34:21,839 [INFO] from controllers.jpro in application-akka.actor.default-dispatcher-4 - uri           /app/ws/default
2022-07-15 11:34:21,937 [INFO] from com.jpro.JS in JavaFX Application Thread - received msg: new MainID: 370 userid: 1699064084
2022-07-15 11:34:22,039 [INFO] from com.jpro.internal.communicator.InstanceImpl in JavaFX Application Thread - closing window!
2022-07-15 11:34:22,790 [INFO] from com.jpro.internal.communicator.InstanceImpl in JavaFX Application Thread - closing window!
2022-07-15 11:34:23,926 [INFO] from com.jpro.internal.communicator.InstanceImpl in JavaFX Application Thread - closing window!
